<?xml version="1.0" encoding="UTF-8"?>
<coverage generated="1524662581287" clover="3.2.0">
  <project timestamp="1524662581287" name="All files">
    <metrics statements="249" coveredstatements="128" conditionals="63" coveredconditionals="20" methods="106" coveredmethods="41" elements="418" coveredelements="189" complexity="0" loc="249" ncloc="249" packages="10" files="23" classes="23">
      <package name="carta">
        <metrics statements="8" coveredstatements="7" conditionals="0" coveredconditionals="0" methods="3" coveredmethods="2"/>
        <file name="App.js" path="/Users/hacktiv8/Documents/final-project/carta/App.js">
          <metrics statements="8" coveredstatements="7" conditionals="0" coveredconditionals="0" methods="3" coveredmethods="2"/>
          <line num="1" count="1" type="stmt"/>
          <line num="20" count="1" type="stmt"/>
          <line num="21" count="0" type="stmt"/>
          <line num="26" count="1" type="stmt"/>
          <line num="36" count="1" type="stmt"/>
          <line num="49" count="1" type="stmt"/>
          <line num="63" count="1" type="stmt"/>
          <line num="80" count="1" type="stmt"/>
        </file>
      </package>
      <package name="carta.js">
        <metrics statements="0" coveredstatements="0" conditionals="0" coveredconditionals="0" methods="0" coveredmethods="0"/>
        <file name="HelloWorldSceneAR.js" path="/Users/hacktiv8/Documents/final-project/carta/js/HelloWorldSceneAR.js">
          <metrics statements="0" coveredstatements="0" conditionals="0" coveredconditionals="0" methods="0" coveredmethods="0"/>
        </file>
      </package>
      <package name="carta.src.asset">
        <metrics statements="2" coveredstatements="2" conditionals="0" coveredconditionals="0" methods="0" coveredmethods="0"/>
        <file name="Logov2.png" path="/Users/hacktiv8/Documents/final-project/carta/src/asset/Logov2.png">
          <metrics statements="1" coveredstatements="1" conditionals="0" coveredconditionals="0" methods="0" coveredmethods="0"/>
          <line num="1" count="2" type="stmt"/>
        </file>
        <file name="bg_2.png" path="/Users/hacktiv8/Documents/final-project/carta/src/asset/bg_2.png">
          <metrics statements="1" coveredstatements="1" conditionals="0" coveredconditionals="0" methods="0" coveredmethods="0"/>
          <line num="1" count="3" type="stmt"/>
        </file>
      </package>
      <package name="carta.src.components">
        <metrics statements="21" coveredstatements="2" conditionals="2" coveredconditionals="0" methods="17" coveredmethods="0"/>
        <file name="Modal.js" path="/Users/hacktiv8/Documents/final-project/carta/src/components/Modal.js">
          <metrics statements="5" coveredstatements="0" conditionals="0" coveredconditionals="0" methods="5" coveredmethods="0"/>
          <line num="11" count="0" type="stmt"/>
          <line num="15" count="0" type="stmt"/>
          <line num="22" count="0" type="stmt"/>
          <line num="29" count="0" type="stmt"/>
          <line num="39" count="0" type="stmt"/>
        </file>
        <file name="NewGame.js" path="/Users/hacktiv8/Documents/final-project/carta/src/components/NewGame.js">
          <metrics statements="7" coveredstatements="0" conditionals="2" coveredconditionals="0" methods="4" coveredmethods="0"/>
          <line num="15" count="0" type="stmt"/>
          <line num="16" count="0" type="cond" truecount="0" falsecount="2"/>
          <line num="17" count="0" type="stmt"/>
          <line num="22" count="0" type="stmt"/>
          <line num="24" count="0" type="stmt"/>
          <line num="34" count="0" type="stmt"/>
          <line num="43" count="0" type="stmt"/>
        </file>
        <file name="RoomDetail.js" path="/Users/hacktiv8/Documents/final-project/carta/src/components/RoomDetail.js">
          <metrics statements="9" coveredstatements="2" conditionals="0" coveredconditionals="0" methods="8" coveredmethods="0"/>
          <line num="28" count="0" type="stmt"/>
          <line num="32" count="0" type="stmt"/>
          <line num="38" count="0" type="stmt"/>
          <line num="43" count="0" type="stmt"/>
          <line num="48" count="0" type="stmt"/>
          <line num="57" count="0" type="stmt"/>
          <line num="63" count="0" type="stmt"/>
          <line num="90" count="1" type="stmt"/>
          <line num="94" count="1" type="stmt"/>
        </file>
      </package>
      <package name="carta.src.firebase">
        <metrics statements="4" coveredstatements="4" conditionals="0" coveredconditionals="0" methods="0" coveredmethods="0"/>
        <file name="index.js" path="/Users/hacktiv8/Documents/final-project/carta/src/firebase/index.js">
          <metrics statements="4" coveredstatements="4" conditionals="0" coveredconditionals="0" methods="0" coveredmethods="0"/>
          <line num="2" count="5" type="stmt"/>
          <line num="9" count="5" type="stmt"/>
          <line num="10" count="5" type="stmt"/>
          <line num="11" count="5" type="stmt"/>
        </file>
      </package>
      <package name="carta.src.screen">
        <metrics statements="119" coveredstatements="28" conditionals="42" coveredconditionals="3" methods="59" coveredmethods="13"/>
        <file name="ARScene2.js" path="/Users/hacktiv8/Documents/final-project/carta/src/screen/ARScene2.js">
          <metrics statements="13" coveredstatements="4" conditionals="4" coveredconditionals="0" methods="8" coveredmethods="0"/>
          <line num="27" count="1" type="stmt"/>
          <line num="32" count="1" type="stmt"/>
          <line num="42" count="0" type="stmt"/>
          <line num="44" count="0" type="stmt"/>
          <line num="47" count="0" type="stmt"/>
          <line num="51" count="0" type="stmt"/>
          <line num="59" count="0" type="stmt"/>
          <line num="68" count="0" type="stmt"/>
          <line num="74" count="0" type="stmt"/>
          <line num="90" count="0" type="stmt"/>
          <line num="139" count="0" type="stmt"/>
          <line num="162" count="1" type="stmt"/>
          <line num="217" count="1" type="stmt"/>
        </file>
        <file name="CreateRoom.js" path="/Users/hacktiv8/Documents/final-project/carta/src/screen/CreateRoom.js">
          <metrics statements="58" coveredstatements="0" conditionals="30" coveredconditionals="0" methods="21" coveredmethods="0"/>
          <line num="28" count="0" type="stmt"/>
          <line num="29" count="0" type="stmt"/>
          <line num="47" count="0" type="stmt"/>
          <line num="58" count="0" type="stmt"/>
          <line num="59" count="0" type="stmt"/>
          <line num="61" count="0" type="cond" truecount="0" falsecount="2"/>
          <line num="62" count="0" type="stmt"/>
          <line num="64" count="0" type="cond" truecount="0" falsecount="2"/>
          <line num="65" count="0" type="stmt"/>
          <line num="67" count="0" type="cond" truecount="0" falsecount="2"/>
          <line num="68" count="0" type="stmt"/>
          <line num="71" count="0" type="stmt"/>
          <line num="80" count="0" type="stmt"/>
          <line num="88" count="0" type="stmt"/>
          <line num="89" count="0" type="stmt"/>
          <line num="90" count="0" type="cond" truecount="0" falsecount="4"/>
          <line num="91" count="0" type="cond" truecount="0" falsecount="2"/>
          <line num="92" count="0" type="stmt"/>
          <line num="95" count="0" type="cond" truecount="0" falsecount="4"/>
          <line num="96" count="0" type="cond" truecount="0" falsecount="2"/>
          <line num="97" count="0" type="stmt"/>
          <line num="101" count="0" type="cond" truecount="0" falsecount="2"/>
          <line num="102" count="0" type="stmt"/>
          <line num="104" count="0" type="stmt"/>
          <line num="109" count="0" type="stmt"/>
          <line num="110" count="0" type="stmt"/>
          <line num="111" count="0" type="stmt"/>
          <line num="112" count="0" type="stmt"/>
          <line num="113" count="0" type="stmt"/>
          <line num="114" count="0" type="stmt"/>
          <line num="115" count="0" type="stmt"/>
          <line num="117" count="0" type="stmt"/>
          <line num="121" count="0" type="stmt"/>
          <line num="124" count="0" type="stmt"/>
          <line num="125" count="0" type="stmt"/>
          <line num="126" count="0" type="stmt"/>
          <line num="127" count="0" type="stmt"/>
          <line num="128" count="0" type="stmt"/>
          <line num="129" count="0" type="stmt"/>
          <line num="133" count="0" type="stmt"/>
          <line num="134" count="0" type="stmt"/>
          <line num="135" count="0" type="stmt"/>
          <line num="136" count="0" type="stmt"/>
          <line num="138" count="0" type="stmt"/>
          <line num="143" count="0" type="stmt"/>
          <line num="145" count="0" type="stmt"/>
          <line num="146" count="0" type="stmt"/>
          <line num="157" count="0" type="stmt"/>
          <line num="168" count="0" type="stmt"/>
          <line num="170" count="0" type="stmt"/>
          <line num="202" count="0" type="stmt"/>
          <line num="211" count="0" type="stmt"/>
          <line num="220" count="0" type="stmt"/>
          <line num="233" count="0" type="stmt"/>
          <line num="247" count="0" type="stmt"/>
          <line num="255" count="0" type="stmt"/>
          <line num="263" count="0" type="stmt"/>
          <line num="271" count="0" type="stmt"/>
        </file>
        <file name="Home.js" path="/Users/hacktiv8/Documents/final-project/carta/src/screen/Home.js">
          <metrics statements="4" coveredstatements="0" conditionals="0" coveredconditionals="0" methods="3" coveredmethods="0"/>
          <line num="11" count="0" type="stmt"/>
          <line num="15" count="0" type="stmt"/>
          <line num="19" count="0" type="stmt"/>
          <line num="20" count="0" type="stmt"/>
        </file>
        <file name="Login.js" path="/Users/hacktiv8/Documents/final-project/carta/src/screen/Login.js">
          <metrics statements="20" coveredstatements="17" conditionals="6" coveredconditionals="2" methods="12" coveredmethods="11"/>
          <line num="19" count="14" type="stmt"/>
          <line num="20" count="14" type="stmt"/>
          <line num="31" count="2" type="stmt"/>
          <line num="32" count="2" type="stmt"/>
          <line num="33" count="0" type="cond" truecount="0" falsecount="2"/>
          <line num="34" count="0" type="stmt"/>
          <line num="36" count="0" type="stmt"/>
          <line num="39" count="2" type="stmt"/>
          <line num="43" count="3" type="stmt"/>
          <line num="50" count="1" type="stmt"/>
          <line num="54" count="23" type="stmt"/>
          <line num="55" count="23" type="stmt"/>
          <line num="57" count="23" type="stmt"/>
          <line num="92" count="1" type="stmt"/>
          <line num="102" count="1" type="stmt"/>
          <line num="108" count="1" type="stmt"/>
          <line num="115" count="1" type="stmt"/>
          <line num="125" count="2" type="stmt"/>
          <line num="129" count="2" type="stmt"/>
          <line num="133" count="2" type="stmt"/>
        </file>
        <file name="Register.js" path="/Users/hacktiv8/Documents/final-project/carta/src/screen/Register.js">
          <metrics statements="17" coveredstatements="7" conditionals="2" coveredconditionals="1" methods="11" coveredmethods="2"/>
          <line num="13" count="1" type="stmt"/>
          <line num="14" count="1" type="stmt"/>
          <line num="26" count="0" type="stmt"/>
          <line num="27" count="0" type="stmt"/>
          <line num="28" count="0" type="stmt"/>
          <line num="29" count="0" type="stmt"/>
          <line num="32" count="0" type="stmt"/>
          <line num="36" count="0" type="stmt"/>
          <line num="44" count="1" type="stmt"/>
          <line num="46" count="1" type="stmt"/>
          <line num="84" count="0" type="stmt"/>
          <line num="92" count="0" type="stmt"/>
          <line num="101" count="0" type="stmt"/>
          <line num="107" count="0" type="stmt"/>
          <line num="118" count="2" type="stmt"/>
          <line num="127" count="2" type="stmt"/>
          <line num="131" count="2" type="stmt"/>
        </file>
        <file name="RoomList.js" path="/Users/hacktiv8/Documents/final-project/carta/src/screen/RoomList.js">
          <metrics statements="4" coveredstatements="0" conditionals="0" coveredconditionals="0" methods="2" coveredmethods="0"/>
          <line num="11" count="0" type="stmt"/>
          <line num="12" count="0" type="stmt"/>
          <line num="16" count="0" type="stmt"/>
          <line num="18" count="0" type="stmt"/>
        </file>
        <file name="Winner.js" path="/Users/hacktiv8/Documents/final-project/carta/src/screen/Winner.js">
          <metrics statements="3" coveredstatements="0" conditionals="0" coveredconditionals="0" methods="2" coveredmethods="0"/>
          <line num="6" count="0" type="stmt"/>
          <line num="7" count="0" type="stmt"/>
          <line num="33" count="0" type="stmt"/>
        </file>
      </package>
      <package name="carta.src.store">
        <metrics statements="13" coveredstatements="13" conditionals="0" coveredconditionals="0" methods="0" coveredmethods="0"/>
        <file name="actionTypes.js" path="/Users/hacktiv8/Documents/final-project/carta/src/store/actionTypes.js">
          <metrics statements="11" coveredstatements="11" conditionals="0" coveredconditionals="0" methods="0" coveredmethods="0"/>
          <line num="1" count="7" type="stmt"/>
          <line num="2" count="7" type="stmt"/>
          <line num="3" count="7" type="stmt"/>
          <line num="4" count="7" type="stmt"/>
          <line num="5" count="7" type="stmt"/>
          <line num="6" count="7" type="stmt"/>
          <line num="7" count="7" type="stmt"/>
          <line num="8" count="7" type="stmt"/>
          <line num="9" count="7" type="stmt"/>
          <line num="10" count="7" type="stmt"/>
          <line num="11" count="7" type="stmt"/>
        </file>
        <file name="index.js" path="/Users/hacktiv8/Documents/final-project/carta/src/store/index.js">
          <metrics statements="2" coveredstatements="2" conditionals="0" coveredconditionals="0" methods="0" coveredmethods="0"/>
          <line num="9" count="2" type="stmt"/>
          <line num="15" count="2" type="stmt"/>
        </file>
      </package>
      <package name="carta.src.store.ARScene">
        <metrics statements="15" coveredstatements="15" conditionals="4" coveredconditionals="4" methods="7" coveredmethods="7"/>
        <file name="ar-action.js" path="/Users/hacktiv8/Documents/final-project/carta/src/store/ARScene/ar-action.js">
          <metrics statements="8" coveredstatements="8" conditionals="0" coveredconditionals="0" methods="6" coveredmethods="6"/>
          <line num="3" count="2" type="stmt"/>
          <line num="4" count="1" type="stmt"/>
          <line num="5" count="1" type="stmt"/>
          <line num="9" count="2" type="stmt"/>
          <line num="10" count="1" type="stmt"/>
          <line num="11" count="1" type="stmt"/>
          <line num="16" count="1" type="stmt"/>
          <line num="23" count="1" type="stmt"/>
        </file>
        <file name="ar-reducers.js" path="/Users/hacktiv8/Documents/final-project/carta/src/store/ARScene/ar-reducers.js">
          <metrics statements="7" coveredstatements="7" conditionals="4" coveredconditionals="4" methods="1" coveredmethods="1"/>
          <line num="3" count="2" type="stmt"/>
          <line num="11" count="2" type="cond" truecount="1" falsecount="0"/>
          <line num="12" count="13" type="stmt"/>
          <line num="13" count="13" type="cond" truecount="3" falsecount="0"/>
          <line num="15" count="1" type="stmt"/>
          <line num="20" count="1" type="stmt"/>
          <line num="28" count="11" type="stmt"/>
        </file>
      </package>
      <package name="carta.src.store.auth">
        <metrics statements="41" coveredstatements="32" conditionals="6" coveredconditionals="6" methods="10" coveredmethods="10"/>
        <file name="auth-actions.js" path="/Users/hacktiv8/Documents/final-project/carta/src/store/auth/auth-actions.js">
          <metrics statements="33" coveredstatements="24" conditionals="0" coveredconditionals="0" methods="9" coveredmethods="9"/>
          <line num="5" count="4" type="stmt"/>
          <line num="6" count="1" type="stmt"/>
          <line num="7" count="1" type="stmt"/>
          <line num="8" count="1" type="stmt"/>
          <line num="9" count="1" type="stmt"/>
          <line num="10" count="1" type="stmt"/>
          <line num="11" count="1" type="stmt"/>
          <line num="12" count="1" type="stmt"/>
          <line num="13" count="1" type="stmt"/>
          <line num="14" count="0" type="stmt"/>
          <line num="16" count="0" type="stmt"/>
          <line num="17" count="0" type="stmt"/>
          <line num="22" count="4" type="stmt"/>
          <line num="23" count="1" type="stmt"/>
          <line num="24" count="1" type="stmt"/>
          <line num="25" count="1" type="stmt"/>
          <line num="26" count="1" type="stmt"/>
          <line num="27" count="0" type="stmt"/>
          <line num="28" count="0" type="stmt"/>
          <line num="31" count="0" type="stmt"/>
          <line num="34" count="0" type="stmt"/>
          <line num="35" count="0" type="stmt"/>
          <line num="37" count="1" type="stmt"/>
          <line num="42" count="4" type="stmt"/>
          <line num="43" count="1" type="stmt"/>
          <line num="44" count="1" type="stmt"/>
          <line num="45" count="1" type="stmt"/>
          <line num="46" count="1" type="stmt"/>
          <line num="47" count="1" type="stmt"/>
          <line num="49" count="0" type="stmt"/>
          <line num="55" count="1" type="stmt"/>
          <line num="62" count="2" type="stmt"/>
          <line num="68" count="2" type="stmt"/>
        </file>
        <file name="auth-reducers.js" path="/Users/hacktiv8/Documents/final-project/carta/src/store/auth/auth-reducers.js">
          <metrics statements="8" coveredstatements="8" conditionals="6" coveredconditionals="6" methods="1" coveredmethods="1"/>
          <line num="3" count="2" type="stmt"/>
          <line num="14" count="2" type="cond" truecount="1" falsecount="0"/>
          <line num="15" count="13" type="cond" truecount="5" falsecount="0"/>
          <line num="17" count="1" type="stmt"/>
          <line num="23" count="1" type="stmt"/>
          <line num="31" count="1" type="stmt"/>
          <line num="37" count="1" type="stmt"/>
          <line num="45" count="9" type="stmt"/>
        </file>
      </package>
      <package name="carta.src.store.quest">
        <metrics statements="26" coveredstatements="25" conditionals="9" coveredconditionals="7" methods="10" coveredmethods="9"/>
        <file name="quest-actions.js" path="/Users/hacktiv8/Documents/final-project/carta/src/store/quest/quest-actions.js">
          <metrics statements="19" coveredstatements="18" conditionals="4" coveredconditionals="2" methods="9" coveredmethods="8"/>
          <line num="4" count="2" type="stmt"/>
          <line num="5" count="1" type="stmt"/>
          <line num="6" count="1" type="stmt"/>
          <line num="7" count="1" type="stmt"/>
          <line num="8" count="1" type="stmt"/>
          <line num="12" count="1" type="stmt"/>
          <line num="14" count="0" type="stmt"/>
          <line num="37" count="1" type="stmt"/>
          <line num="38" count="1" type="stmt"/>
          <line num="39" count="1" type="cond" truecount="1" falsecount="1"/>
          <line num="40" count="1" type="stmt"/>
          <line num="41" count="1" type="stmt"/>
          <line num="42" count="6" type="cond" truecount="1" falsecount="1"/>
          <line num="43" count="6" type="stmt"/>
          <line num="44" count="6" type="stmt"/>
          <line num="45" count="6" type="stmt"/>
          <line num="48" count="1" type="stmt"/>
          <line num="54" count="1" type="stmt"/>
          <line num="60" count="1" type="stmt"/>
        </file>
        <file name="quest-reducers.js" path="/Users/hacktiv8/Documents/final-project/carta/src/store/quest/quest-reducers.js">
          <metrics statements="7" coveredstatements="7" conditionals="5" coveredconditionals="5" methods="1" coveredmethods="1"/>
          <line num="3" count="2" type="stmt"/>
          <line num="8" count="2" type="cond" truecount="1" falsecount="0"/>
          <line num="9" count="13" type="cond" truecount="4" falsecount="0"/>
          <line num="11" count="1" type="stmt"/>
          <line num="16" count="1" type="stmt"/>
          <line num="23" count="1" type="stmt"/>
          <line num="28" count="10" type="stmt"/>
        </file>
      </package>
    </metrics>
  </project>
</coverage>
