{"/Users/hacktiv8/Documents/final-project/carta/App.js": {"path":"/Users/hacktiv8/Documents/final-project/carta/App.js","statementMap":{"0":{"start":{"line":1,"column":0},"end":{"line":1,"column":31}},"1":{"start":{"line":20,"column":4},"end":{"line":22,"column":6}},"2":{"start":{"line":21,"column":6},"end":{"line":21,"column":32}},"3":{"start":{"line":26,"column":4},"end":{"line":32,"column":6}},"4":{"start":{"line":36,"column":18},"end":{"line":48,"column":2}},"5":{"start":{"line":49,"column":18},"end":{"line":61,"column":2}},"6":{"start":{"line":63,"column":13},"end":{"line":78,"column":2}},"7":{"start":{"line":80,"column":15},"end":{"line":85,"column":2}}},"fnMap":{"0":{"name":"(anonymous_0)","decl":{"start":{"line":19,"column":2},"end":{"line":19,"column":3}},"loc":{"start":{"line":19,"column":22},"end":{"line":23,"column":3}},"line":19},"1":{"name":"(anonymous_1)","decl":{"start":{"line":20,"column":28},"end":{"line":20,"column":29}},"loc":{"start":{"line":20,"column":38},"end":{"line":22,"column":5}},"line":20},"2":{"name":"(anonymous_2)","decl":{"start":{"line":25,"column":2},"end":{"line":25,"column":3}},"loc":{"start":{"line":25,"column":11},"end":{"line":33,"column":3}},"line":25}},"branchMap":{},"s":{"0":1,"1":1,"2":0,"3":1,"4":1,"5":1,"6":1,"7":1},"f":{"0":1,"1":0,"2":1},"b":{},"_coverageSchema":"332fd63041d2c1bcb487cc26dd0d5f7d97098a6c","hash":"8f6697e9a3ddd1f099478becd8a26b74a4646cfa"}
,"/Users/hacktiv8/Documents/final-project/carta/js/HelloWorldSceneAR.js": {"path":"/Users/hacktiv8/Documents/final-project/carta/js/HelloWorldSceneAR.js","statementMap":{},"fnMap":{},"branchMap":{},"s":{},"f":{},"b":{},"_coverageSchema":"332fd63041d2c1bcb487cc26dd0d5f7d97098a6c","hash":"932501ff739d8c904777a204d80361555161e89b"}
,"/Users/hacktiv8/Documents/final-project/carta/src/asset/Logov2.png": {"path":"/Users/hacktiv8/Documents/final-project/carta/src/asset/Logov2.png","statementMap":{"0":{"start":{"line":1,"column":0},"end":{"line":3,"column":6}}},"fnMap":{},"branchMap":{},"s":{"0":2},"f":{},"b":{},"_coverageSchema":"332fd63041d2c1bcb487cc26dd0d5f7d97098a6c","hash":"18f78e51bf1255ef0b3835b11c3f94431fc4f63b"}
,"/Users/hacktiv8/Documents/final-project/carta/src/asset/bg_2.png": {"path":"/Users/hacktiv8/Documents/final-project/carta/src/asset/bg_2.png","statementMap":{"0":{"start":{"line":1,"column":0},"end":{"line":3,"column":6}}},"fnMap":{},"branchMap":{},"s":{"0":4},"f":{},"b":{},"_coverageSchema":"332fd63041d2c1bcb487cc26dd0d5f7d97098a6c","hash":"ddc0d6e6c09de59a462798385ac67dd6a01f53a6"}
,"/Users/hacktiv8/Documents/final-project/carta/src/asset/bg_compass.png": {"path":"/Users/hacktiv8/Documents/final-project/carta/src/asset/bg_compass.png","statementMap":{"0":{"start":{"line":1,"column":0},"end":{"line":3,"column":6}}},"fnMap":{},"branchMap":{},"s":{"0":2},"f":{},"b":{},"_coverageSchema":"332fd63041d2c1bcb487cc26dd0d5f7d97098a6c","hash":"596cb156e0d71c8ff876139f177a3fa0c990186c"}
,"/Users/hacktiv8/Documents/final-project/carta/src/asset/winner.png": {"path":"/Users/hacktiv8/Documents/final-project/carta/src/asset/winner.png","statementMap":{"0":{"start":{"line":1,"column":0},"end":{"line":3,"column":6}}},"fnMap":{},"branchMap":{},"s":{"0":1},"f":{},"b":{},"_coverageSchema":"332fd63041d2c1bcb487cc26dd0d5f7d97098a6c","hash":"8bb33cc6bf5a6cb0352c7afe0b4408a49ed0999b"}
,"/Users/hacktiv8/Documents/final-project/carta/src/components/Modal.js": {"path":"/Users/hacktiv8/Documents/final-project/carta/src/components/Modal.js","statementMap":{"0":{"start":{"line":11,"column":4},"end":{"line":11,"column":43}},"1":{"start":{"line":15,"column":4},"end":{"line":44,"column":6}},"2":{"start":{"line":22,"column":12},"end":{"line":22,"column":44}},"3":{"start":{"line":29,"column":18},"end":{"line":29,"column":65}},"4":{"start":{"line":39,"column":12},"end":{"line":39,"column":39}}},"fnMap":{"0":{"name":"(anonymous_0)","decl":{"start":{"line":10,"column":2},"end":{"line":10,"column":3}},"loc":{"start":{"line":10,"column":27},"end":{"line":12,"column":3}},"line":10},"1":{"name":"(anonymous_1)","decl":{"start":{"line":14,"column":2},"end":{"line":14,"column":3}},"loc":{"start":{"line":14,"column":11},"end":{"line":45,"column":3}},"line":14},"2":{"name":"(anonymous_2)","decl":{"start":{"line":21,"column":26},"end":{"line":21,"column":27}},"loc":{"start":{"line":21,"column":32},"end":{"line":23,"column":11}},"line":21},"3":{"name":"(anonymous_3)","decl":{"start":{"line":28,"column":25},"end":{"line":28,"column":26}},"loc":{"start":{"line":28,"column":31},"end":{"line":30,"column":17}},"line":28},"4":{"name":"(anonymous_4)","decl":{"start":{"line":38,"column":19},"end":{"line":38,"column":20}},"loc":{"start":{"line":38,"column":25},"end":{"line":40,"column":11}},"line":38}},"branchMap":{},"s":{"0":0,"1":0,"2":0,"3":0,"4":0},"f":{"0":0,"1":0,"2":0,"3":0,"4":0},"b":{},"_coverageSchema":"332fd63041d2c1bcb487cc26dd0d5f7d97098a6c","hash":"1f75efdb3e91f1debc247a90c4f22bb2460a72bd"}
,"/Users/hacktiv8/Documents/final-project/carta/src/components/NewGame.js": {"path":"/Users/hacktiv8/Documents/final-project/carta/src/components/NewGame.js","statementMap":{"0":{"start":{"line":15,"column":18},"end":{"line":15,"column":55}},"1":{"start":{"line":16,"column":4},"end":{"line":18,"column":5}},"2":{"start":{"line":17,"column":6},"end":{"line":17,"column":31}},"3":{"start":{"line":22,"column":23},"end":{"line":22,"column":31}},"4":{"start":{"line":24,"column":4},"end":{"line":72,"column":6}},"5":{"start":{"line":34,"column":30},"end":{"line":34,"column":47}},"6":{"start":{"line":43,"column":30},"end":{"line":43,"column":53}}},"fnMap":{"0":{"name":"(anonymous_0)","decl":{"start":{"line":14,"column":15},"end":{"line":14,"column":16}},"loc":{"start":{"line":14,"column":27},"end":{"line":19,"column":3}},"line":14},"1":{"name":"(anonymous_1)","decl":{"start":{"line":21,"column":2},"end":{"line":21,"column":3}},"loc":{"start":{"line":21,"column":11},"end":{"line":73,"column":3}},"line":21},"2":{"name":"(anonymous_2)","decl":{"start":{"line":34,"column":24},"end":{"line":34,"column":25}},"loc":{"start":{"line":34,"column":30},"end":{"line":34,"column":47}},"line":34},"3":{"name":"(anonymous_3)","decl":{"start":{"line":43,"column":24},"end":{"line":43,"column":25}},"loc":{"start":{"line":43,"column":30},"end":{"line":43,"column":53}},"line":43}},"branchMap":{"0":{"loc":{"start":{"line":16,"column":4},"end":{"line":18,"column":5}},"type":"if","locations":[{"start":{"line":16,"column":4},"end":{"line":18,"column":5}},{"start":{"line":16,"column":4},"end":{"line":18,"column":5}}],"line":16}},"s":{"0":0,"1":0,"2":0,"3":0,"4":0,"5":0,"6":0},"f":{"0":0,"1":0,"2":0,"3":0},"b":{"0":[0,0]},"_coverageSchema":"332fd63041d2c1bcb487cc26dd0d5f7d97098a6c","hash":"99ccbac60b13c9af2a2938d8994364be767c13d7"}
,"/Users/hacktiv8/Documents/final-project/carta/src/components/RoomDetail.js": {"path":"/Users/hacktiv8/Documents/final-project/carta/src/components/RoomDetail.js","statementMap":{"0":{"start":{"line":28,"column":4},"end":{"line":28,"column":28}},"1":{"start":{"line":32,"column":4},"end":{"line":37,"column":6}},"2":{"start":{"line":38,"column":4},"end":{"line":38,"column":27}},"3":{"start":{"line":43,"column":4},"end":{"line":86,"column":6}},"4":{"start":{"line":48,"column":12},"end":{"line":81,"column":17}},"5":{"start":{"line":57,"column":57},"end":{"line":57,"column":80}},"6":{"start":{"line":63,"column":41},"end":{"line":63,"column":64}},"7":{"start":{"line":90,"column":24},"end":{"line":92,"column":2}},"8":{"start":{"line":90,"column":34},"end":{"line":92,"column":1}},"9":{"start":{"line":94,"column":27},"end":{"line":97,"column":12}},"10":{"start":{"line":94,"column":39},"end":{"line":97,"column":12}}},"fnMap":{"0":{"name":"(anonymous_0)","decl":{"start":{"line":27,"column":2},"end":{"line":27,"column":3}},"loc":{"start":{"line":27,"column":23},"end":{"line":29,"column":3}},"line":27},"1":{"name":"(anonymous_1)","decl":{"start":{"line":31,"column":16},"end":{"line":31,"column":17}},"loc":{"start":{"line":31,"column":27},"end":{"line":39,"column":3}},"line":31},"2":{"name":"(anonymous_2)","decl":{"start":{"line":42,"column":2},"end":{"line":42,"column":3}},"loc":{"start":{"line":42,"column":11},"end":{"line":87,"column":3}},"line":42},"3":{"name":"(anonymous_3)","decl":{"start":{"line":47,"column":34},"end":{"line":47,"column":35}},"loc":{"start":{"line":48,"column":12},"end":{"line":81,"column":17}},"line":48},"4":{"name":"(anonymous_4)","decl":{"start":{"line":57,"column":51},"end":{"line":57,"column":52}},"loc":{"start":{"line":57,"column":57},"end":{"line":57,"column":80}},"line":57},"5":{"name":"(anonymous_5)","decl":{"start":{"line":63,"column":35},"end":{"line":63,"column":36}},"loc":{"start":{"line":63,"column":41},"end":{"line":63,"column":64}},"line":63},"6":{"name":"(anonymous_6)","decl":{"start":{"line":90,"column":24},"end":{"line":90,"column":25}},"loc":{"start":{"line":90,"column":34},"end":{"line":92,"column":1}},"line":90},"7":{"name":"(anonymous_7)","decl":{"start":{"line":94,"column":27},"end":{"line":94,"column":28}},"loc":{"start":{"line":94,"column":39},"end":{"line":97,"column":12}},"line":94}},"branchMap":{},"s":{"0":0,"1":0,"2":0,"3":0,"4":0,"5":0,"6":0,"7":2,"8":0,"9":2,"10":0},"f":{"0":0,"1":0,"2":0,"3":0,"4":0,"5":0,"6":0,"7":0},"b":{},"_coverageSchema":"332fd63041d2c1bcb487cc26dd0d5f7d97098a6c","hash":"4d1bc9e67064c1a84b9057c9e83b12be45a4a8f5"}
,"/Users/hacktiv8/Documents/final-project/carta/src/firebase/index.js": {"path":"/Users/hacktiv8/Documents/final-project/carta/src/firebase/index.js","statementMap":{"0":{"start":{"line":2,"column":12},"end":{"line":7,"column":2}},"1":{"start":{"line":9,"column":20},"end":{"line":9,"column":23}},"2":{"start":{"line":10,"column":18},"end":{"line":10,"column":32}},"3":{"start":{"line":11,"column":20},"end":{"line":11,"column":30}}},"fnMap":{},"branchMap":{},"s":{"0":6,"1":6,"2":6,"3":6},"f":{},"b":{},"_coverageSchema":"332fd63041d2c1bcb487cc26dd0d5f7d97098a6c","hash":"42eee1235ad2f6ccf2df21bc0117c19e5f312e29"}
,"/Users/hacktiv8/Documents/final-project/carta/src/screen/ARScene2.js": {"path":"/Users/hacktiv8/Documents/final-project/carta/src/screen/ARScene2.js","statementMap":{"0":{"start":{"line":27,"column":15},"end":{"line":30,"column":2}},"1":{"start":{"line":32,"column":18},"end":{"line":34,"column":1}},"2":{"start":{"line":42,"column":4},"end":{"line":42,"column":12}},"3":{"start":{"line":44,"column":4},"end":{"line":46,"column":5}},"4":{"start":{"line":47,"column":4},"end":{"line":47,"column":59}},"5":{"start":{"line":51,"column":4},"end":{"line":55,"column":6}},"6":{"start":{"line":59,"column":4},"end":{"line":63,"column":6}},"7":{"start":{"line":68,"column":4},"end":{"line":68,"column":33}},"8":{"start":{"line":74,"column":4},"end":{"line":157,"column":6}},"9":{"start":{"line":90,"column":28},"end":{"line":90,"column":66}},"10":{"start":{"line":139,"column":32},"end":{"line":139,"column":72}},"11":{"start":{"line":162,"column":18},"end":{"line":215,"column":2}},"12":{"start":{"line":217,"column":24},"end":{"line":221,"column":2}},"13":{"start":{"line":217,"column":34},"end":{"line":221,"column":1}}},"fnMap":{"0":{"name":"(anonymous_0)","decl":{"start":{"line":41,"column":2},"end":{"line":41,"column":3}},"loc":{"start":{"line":41,"column":16},"end":{"line":48,"column":3}},"line":41},"1":{"name":"(anonymous_1)","decl":{"start":{"line":50,"column":10},"end":{"line":50,"column":11}},"loc":{"start":{"line":50,"column":16},"end":{"line":56,"column":3}},"line":50},"2":{"name":"(anonymous_2)","decl":{"start":{"line":58,"column":14},"end":{"line":58,"column":15}},"loc":{"start":{"line":58,"column":20},"end":{"line":64,"column":3}},"line":58},"3":{"name":"(anonymous_3)","decl":{"start":{"line":66,"column":2},"end":{"line":66,"column":3}},"loc":{"start":{"line":66,"column":11},"end":{"line":69,"column":3}},"line":66},"4":{"name":"(anonymous_4)","decl":{"start":{"line":73,"column":2},"end":{"line":73,"column":3}},"loc":{"start":{"line":73,"column":20},"end":{"line":158,"column":3}},"line":73},"5":{"name":"(anonymous_5)","decl":{"start":{"line":90,"column":22},"end":{"line":90,"column":23}},"loc":{"start":{"line":90,"column":28},"end":{"line":90,"column":66}},"line":90},"6":{"name":"(anonymous_6)","decl":{"start":{"line":139,"column":26},"end":{"line":139,"column":27}},"loc":{"start":{"line":139,"column":32},"end":{"line":139,"column":72}},"line":139},"7":{"name":"(anonymous_7)","decl":{"start":{"line":217,"column":24},"end":{"line":217,"column":25}},"loc":{"start":{"line":217,"column":34},"end":{"line":221,"column":1}},"line":217}},"branchMap":{"0":{"loc":{"start":{"line":114,"column":12},"end":{"line":128,"column":13}},"type":"cond-expr","locations":[{"start":{"line":116,"column":14},"end":{"line":121,"column":33}},{"start":{"line":125,"column":14},"end":{"line":127,"column":21}}],"line":114},"1":{"loc":{"start":{"line":134,"column":12},"end":{"line":151,"column":13}},"type":"cond-expr","locations":[{"start":{"line":136,"column":14},"end":{"line":142,"column":35}},{"start":{"line":145,"column":14},"end":{"line":150,"column":35}}],"line":134}},"s":{"0":1,"1":1,"2":0,"3":0,"4":0,"5":0,"6":0,"7":0,"8":0,"9":0,"10":0,"11":1,"12":1,"13":0},"f":{"0":0,"1":0,"2":0,"3":0,"4":0,"5":0,"6":0,"7":0},"b":{"0":[0,0],"1":[0,0]},"_coverageSchema":"332fd63041d2c1bcb487cc26dd0d5f7d97098a6c","hash":"fb5db0984e92ea1e13819caf6ff52c169f6e45d3"}
,"/Users/hacktiv8/Documents/final-project/carta/src/screen/CreateRoom.js": {"path":"/Users/hacktiv8/Documents/final-project/carta/src/screen/CreateRoom.js","statementMap":{"0":{"start":{"line":28,"column":4},"end":{"line":28,"column":11}},"1":{"start":{"line":29,"column":4},"end":{"line":39,"column":5}},"2":{"start":{"line":47,"column":20},"end":{"line":56,"column":5}},"3":{"start":{"line":58,"column":4},"end":{"line":84,"column":6}},"4":{"start":{"line":59,"column":6},"end":{"line":59,"column":37}},"5":{"start":{"line":61,"column":6},"end":{"line":83,"column":7}},"6":{"start":{"line":62,"column":8},"end":{"line":62,"column":51}},"7":{"start":{"line":64,"column":11},"end":{"line":83,"column":7}},"8":{"start":{"line":65,"column":8},"end":{"line":65,"column":54}},"9":{"start":{"line":67,"column":11},"end":{"line":83,"column":7}},"10":{"start":{"line":68,"column":8},"end":{"line":68,"column":69}},"11":{"start":{"line":71,"column":21},"end":{"line":75,"column":9}},"12":{"start":{"line":80,"column":8},"end":{"line":82,"column":11}},"13":{"start":{"line":88,"column":16},"end":{"line":88,"column":17}},"14":{"start":{"line":89,"column":4},"end":{"line":100,"column":6}},"15":{"start":{"line":90,"column":6},"end":{"line":94,"column":7}},"16":{"start":{"line":91,"column":8},"end":{"line":93,"column":9}},"17":{"start":{"line":92,"column":10},"end":{"line":92,"column":17}},"18":{"start":{"line":95,"column":6},"end":{"line":99,"column":7}},"19":{"start":{"line":96,"column":8},"end":{"line":98,"column":9}},"20":{"start":{"line":97,"column":10},"end":{"line":97,"column":17}},"21":{"start":{"line":101,"column":4},"end":{"line":105,"column":5}},"22":{"start":{"line":102,"column":6},"end":{"line":102,"column":41}},"23":{"start":{"line":104,"column":6},"end":{"line":104,"column":23}},"24":{"start":{"line":109,"column":19},"end":{"line":109,"column":33}},"25":{"start":{"line":110,"column":4},"end":{"line":110,"column":52}},"26":{"start":{"line":111,"column":4},"end":{"line":111,"column":58}},"27":{"start":{"line":112,"column":4},"end":{"line":112,"column":44}},"28":{"start":{"line":113,"column":4},"end":{"line":113,"column":54}},"29":{"start":{"line":114,"column":4},"end":{"line":114,"column":52}},"30":{"start":{"line":115,"column":4},"end":{"line":115,"column":46}},"31":{"start":{"line":117,"column":4},"end":{"line":117,"column":19}},"32":{"start":{"line":121,"column":4},"end":{"line":123,"column":6}},"33":{"start":{"line":124,"column":4},"end":{"line":124,"column":35}},"34":{"start":{"line":125,"column":19},"end":{"line":125,"column":40}},"35":{"start":{"line":126,"column":4},"end":{"line":126,"column":36}},"36":{"start":{"line":127,"column":18},"end":{"line":127,"column":55}},"37":{"start":{"line":128,"column":59},"end":{"line":128,"column":69}},"38":{"start":{"line":129,"column":4},"end":{"line":139,"column":6}},"39":{"start":{"line":133,"column":6},"end":{"line":133,"column":47}},"40":{"start":{"line":134,"column":6},"end":{"line":134,"column":41}},"41":{"start":{"line":135,"column":6},"end":{"line":135,"column":23}},"42":{"start":{"line":136,"column":6},"end":{"line":136,"column":44}},"43":{"start":{"line":138,"column":6},"end":{"line":138,"column":39}},"44":{"start":{"line":143,"column":4},"end":{"line":153,"column":5}},"45":{"start":{"line":145,"column":8},"end":{"line":145,"column":29}},"46":{"start":{"line":146,"column":8},"end":{"line":151,"column":10}},"47":{"start":{"line":157,"column":4},"end":{"line":164,"column":6}},"48":{"start":{"line":168,"column":23},"end":{"line":168,"column":31}},"49":{"start":{"line":170,"column":4},"end":{"line":278,"column":6}},"50":{"start":{"line":202,"column":48},"end":{"line":202,"column":73}},"51":{"start":{"line":211,"column":51},"end":{"line":211,"column":79}},"52":{"start":{"line":220,"column":44},"end":{"line":220,"column":65}},"53":{"start":{"line":233,"column":53},"end":{"line":233,"column":79}},"54":{"start":{"line":247,"column":54},"end":{"line":247,"column":79}},"55":{"start":{"line":255,"column":36},"end":{"line":255,"column":57}},"56":{"start":{"line":263,"column":36},"end":{"line":263,"column":60}},"57":{"start":{"line":271,"column":38},"end":{"line":271,"column":59}}},"fnMap":{"0":{"name":"(anonymous_0)","decl":{"start":{"line":27,"column":2},"end":{"line":27,"column":3}},"loc":{"start":{"line":27,"column":17},"end":{"line":40,"column":3}},"line":27},"1":{"name":"(anonymous_1)","decl":{"start":{"line":46,"column":22},"end":{"line":46,"column":23}},"loc":{"start":{"line":46,"column":28},"end":{"line":85,"column":3}},"line":46},"2":{"name":"(anonymous_2)","decl":{"start":{"line":58,"column":29},"end":{"line":58,"column":30}},"loc":{"start":{"line":58,"column":38},"end":{"line":84,"column":5}},"line":58},"3":{"name":"(anonymous_3)","decl":{"start":{"line":87,"column":19},"end":{"line":87,"column":20}},"loc":{"start":{"line":87,"column":25},"end":{"line":106,"column":3}},"line":87},"4":{"name":"(anonymous_4)","decl":{"start":{"line":89,"column":36},"end":{"line":89,"column":37}},"loc":{"start":{"line":89,"column":48},"end":{"line":100,"column":5}},"line":89},"5":{"name":"(anonymous_5)","decl":{"start":{"line":108,"column":19},"end":{"line":108,"column":20}},"loc":{"start":{"line":108,"column":25},"end":{"line":118,"column":3}},"line":108},"6":{"name":"(anonymous_6)","decl":{"start":{"line":120,"column":15},"end":{"line":120,"column":16}},"loc":{"start":{"line":120,"column":27},"end":{"line":140,"column":3}},"line":120},"7":{"name":"(anonymous_7)","decl":{"start":{"line":132,"column":10},"end":{"line":132,"column":11}},"loc":{"start":{"line":132,"column":19},"end":{"line":137,"column":5}},"line":132},"8":{"name":"(anonymous_8)","decl":{"start":{"line":137,"column":13},"end":{"line":137,"column":14}},"loc":{"start":{"line":137,"column":22},"end":{"line":139,"column":5}},"line":137},"9":{"name":"(anonymous_9)","decl":{"start":{"line":142,"column":19},"end":{"line":142,"column":20}},"loc":{"start":{"line":142,"column":25},"end":{"line":154,"column":3}},"line":142},"10":{"name":"(anonymous_10)","decl":{"start":{"line":144,"column":6},"end":{"line":144,"column":7}},"loc":{"start":{"line":144,"column":20},"end":{"line":152,"column":7}},"line":144},"11":{"name":"(anonymous_11)","decl":{"start":{"line":156,"column":15},"end":{"line":156,"column":16}},"loc":{"start":{"line":156,"column":21},"end":{"line":165,"column":3}},"line":156},"12":{"name":"(anonymous_12)","decl":{"start":{"line":167,"column":2},"end":{"line":167,"column":3}},"loc":{"start":{"line":167,"column":11},"end":{"line":279,"column":3}},"line":167},"13":{"name":"(anonymous_13)","decl":{"start":{"line":202,"column":34},"end":{"line":202,"column":35}},"loc":{"start":{"line":202,"column":48},"end":{"line":202,"column":73}},"line":202},"14":{"name":"(anonymous_14)","decl":{"start":{"line":211,"column":34},"end":{"line":211,"column":35}},"loc":{"start":{"line":211,"column":51},"end":{"line":211,"column":79}},"line":211},"15":{"name":"(anonymous_15)","decl":{"start":{"line":220,"column":34},"end":{"line":220,"column":35}},"loc":{"start":{"line":220,"column":44},"end":{"line":220,"column":65}},"line":220},"16":{"name":"(anonymous_16)","decl":{"start":{"line":233,"column":38},"end":{"line":233,"column":39}},"loc":{"start":{"line":233,"column":53},"end":{"line":233,"column":79}},"line":233},"17":{"name":"(anonymous_17)","decl":{"start":{"line":247,"column":40},"end":{"line":247,"column":41}},"loc":{"start":{"line":247,"column":54},"end":{"line":247,"column":79}},"line":247},"18":{"name":"(anonymous_18)","decl":{"start":{"line":255,"column":30},"end":{"line":255,"column":31}},"loc":{"start":{"line":255,"column":36},"end":{"line":255,"column":57}},"line":255},"19":{"name":"(anonymous_19)","decl":{"start":{"line":263,"column":30},"end":{"line":263,"column":31}},"loc":{"start":{"line":263,"column":36},"end":{"line":263,"column":60}},"line":263},"20":{"name":"(anonymous_20)","decl":{"start":{"line":271,"column":32},"end":{"line":271,"column":33}},"loc":{"start":{"line":271,"column":38},"end":{"line":271,"column":59}},"line":271}},"branchMap":{"0":{"loc":{"start":{"line":61,"column":6},"end":{"line":83,"column":7}},"type":"if","locations":[{"start":{"line":61,"column":6},"end":{"line":83,"column":7}},{"start":{"line":61,"column":6},"end":{"line":83,"column":7}}],"line":61},"1":{"loc":{"start":{"line":64,"column":11},"end":{"line":83,"column":7}},"type":"if","locations":[{"start":{"line":64,"column":11},"end":{"line":83,"column":7}},{"start":{"line":64,"column":11},"end":{"line":83,"column":7}}],"line":64},"2":{"loc":{"start":{"line":67,"column":11},"end":{"line":83,"column":7}},"type":"if","locations":[{"start":{"line":67,"column":11},"end":{"line":83,"column":7}},{"start":{"line":67,"column":11},"end":{"line":83,"column":7}}],"line":67},"3":{"loc":{"start":{"line":90,"column":6},"end":{"line":94,"column":7}},"type":"if","locations":[{"start":{"line":90,"column":6},"end":{"line":94,"column":7}},{"start":{"line":90,"column":6},"end":{"line":94,"column":7}}],"line":90},"4":{"loc":{"start":{"line":90,"column":10},"end":{"line":90,"column":59}},"type":"binary-expr","locations":[{"start":{"line":90,"column":10},"end":{"line":90,"column":32}},{"start":{"line":90,"column":36},"end":{"line":90,"column":59}}],"line":90},"5":{"loc":{"start":{"line":91,"column":8},"end":{"line":93,"column":9}},"type":"if","locations":[{"start":{"line":91,"column":8},"end":{"line":93,"column":9}},{"start":{"line":91,"column":8},"end":{"line":93,"column":9}}],"line":91},"6":{"loc":{"start":{"line":95,"column":6},"end":{"line":99,"column":7}},"type":"if","locations":[{"start":{"line":95,"column":6},"end":{"line":99,"column":7}},{"start":{"line":95,"column":6},"end":{"line":99,"column":7}}],"line":95},"7":{"loc":{"start":{"line":95,"column":10},"end":{"line":95,"column":59}},"type":"binary-expr","locations":[{"start":{"line":95,"column":10},"end":{"line":95,"column":32}},{"start":{"line":95,"column":36},"end":{"line":95,"column":59}}],"line":95},"8":{"loc":{"start":{"line":96,"column":8},"end":{"line":98,"column":9}},"type":"if","locations":[{"start":{"line":96,"column":8},"end":{"line":98,"column":9}},{"start":{"line":96,"column":8},"end":{"line":98,"column":9}}],"line":96},"9":{"loc":{"start":{"line":101,"column":4},"end":{"line":105,"column":5}},"type":"if","locations":[{"start":{"line":101,"column":4},"end":{"line":105,"column":5}},{"start":{"line":101,"column":4},"end":{"line":105,"column":5}}],"line":101},"10":{"loc":{"start":{"line":191,"column":12},"end":{"line":275,"column":26}},"type":"cond-expr","locations":[{"start":{"line":192,"column":12},"end":{"line":192,"column":37}},{"start":{"line":194,"column":12},"end":{"line":275,"column":26}}],"line":191},"11":{"loc":{"start":{"line":226,"column":20},"end":{"line":234,"column":26}},"type":"cond-expr","locations":[{"start":{"line":227,"column":20},"end":{"line":227,"column":107}},{"start":{"line":228,"column":22},"end":{"line":234,"column":26}}],"line":226},"12":{"loc":{"start":{"line":240,"column":22},"end":{"line":247,"column":83}},"type":"cond-expr","locations":[{"start":{"line":241,"column":22},"end":{"line":241,"column":108}},{"start":{"line":242,"column":24},"end":{"line":247,"column":83}}],"line":240},"13":{"loc":{"start":{"line":266,"column":20},"end":{"line":273,"column":39}},"type":"binary-expr","locations":[{"start":{"line":266,"column":20},"end":{"line":266,"column":43}},{"start":{"line":266,"column":47},"end":{"line":266,"column":71}},{"start":{"line":266,"column":75},"end":{"line":266,"column":91}},{"start":{"line":267,"column":20},"end":{"line":273,"column":39}}],"line":266}},"s":{"0":0,"1":0,"2":0,"3":0,"4":0,"5":0,"6":0,"7":0,"8":0,"9":0,"10":0,"11":0,"12":0,"13":0,"14":0,"15":0,"16":0,"17":0,"18":0,"19":0,"20":0,"21":0,"22":0,"23":0,"24":0,"25":0,"26":0,"27":0,"28":0,"29":0,"30":0,"31":0,"32":0,"33":0,"34":0,"35":0,"36":0,"37":0,"38":0,"39":0,"40":0,"41":0,"42":0,"43":0,"44":0,"45":0,"46":0,"47":0,"48":0,"49":0,"50":0,"51":0,"52":0,"53":0,"54":0,"55":0,"56":0,"57":0},"f":{"0":0,"1":0,"2":0,"3":0,"4":0,"5":0,"6":0,"7":0,"8":0,"9":0,"10":0,"11":0,"12":0,"13":0,"14":0,"15":0,"16":0,"17":0,"18":0,"19":0,"20":0},"b":{"0":[0,0],"1":[0,0],"2":[0,0],"3":[0,0],"4":[0,0],"5":[0,0],"6":[0,0],"7":[0,0],"8":[0,0],"9":[0,0],"10":[0,0],"11":[0,0],"12":[0,0],"13":[0,0,0,0]},"_coverageSchema":"332fd63041d2c1bcb487cc26dd0d5f7d97098a6c","hash":"8270ff2d4498d31b5e8dc1b020355360dc58f437"}
,"/Users/hacktiv8/Documents/final-project/carta/src/screen/Home.js": {"path":"/Users/hacktiv8/Documents/final-project/carta/src/screen/Home.js","statementMap":{"0":{"start":{"line":11,"column":4},"end":{"line":11,"column":48}},"1":{"start":{"line":15,"column":4},"end":{"line":15,"column":46}},"2":{"start":{"line":19,"column":23},"end":{"line":19,"column":31}},"3":{"start":{"line":20,"column":4},"end":{"line":42,"column":6}}},"fnMap":{"0":{"name":"(anonymous_0)","decl":{"start":{"line":10,"column":17},"end":{"line":10,"column":18}},"loc":{"start":{"line":10,"column":23},"end":{"line":12,"column":3}},"line":10},"1":{"name":"(anonymous_1)","decl":{"start":{"line":14,"column":15},"end":{"line":14,"column":16}},"loc":{"start":{"line":14,"column":21},"end":{"line":16,"column":3}},"line":14},"2":{"name":"(anonymous_2)","decl":{"start":{"line":18,"column":2},"end":{"line":18,"column":3}},"loc":{"start":{"line":18,"column":11},"end":{"line":43,"column":3}},"line":18}},"branchMap":{},"s":{"0":1,"1":1,"2":3,"3":3},"f":{"0":1,"1":1,"2":3},"b":{},"_coverageSchema":"332fd63041d2c1bcb487cc26dd0d5f7d97098a6c","hash":"2fc328970304c4f512076c42cb98060ae676a323"}
,"/Users/hacktiv8/Documents/final-project/carta/src/screen/Login.js": {"path":"/Users/hacktiv8/Documents/final-project/carta/src/screen/Login.js","statementMap":{"0":{"start":{"line":19,"column":4},"end":{"line":19,"column":11}},"1":{"start":{"line":20,"column":4},"end":{"line":23,"column":5}},"2":{"start":{"line":31,"column":32},"end":{"line":31,"column":42}},"3":{"start":{"line":32,"column":4},"end":{"line":38,"column":6}},"4":{"start":{"line":33,"column":6},"end":{"line":37,"column":7}},"5":{"start":{"line":34,"column":8},"end":{"line":34,"column":50}},"6":{"start":{"line":36,"column":8},"end":{"line":36,"column":27}},"7":{"start":{"line":39,"column":4},"end":{"line":39,"column":21}},"8":{"start":{"line":43,"column":4},"end":{"line":46,"column":6}},"9":{"start":{"line":50,"column":4},"end":{"line":50,"column":47}},"10":{"start":{"line":54,"column":23},"end":{"line":54,"column":31}},"11":{"start":{"line":55,"column":20},"end":{"line":55,"column":48}},"12":{"start":{"line":57,"column":4},"end":{"line":121,"column":6}},"13":{"start":{"line":92,"column":43},"end":{"line":92,"column":65}},"14":{"start":{"line":102,"column":46},"end":{"line":102,"column":71}},"15":{"start":{"line":108,"column":30},"end":{"line":108,"column":45}},"16":{"start":{"line":115,"column":34},"end":{"line":115,"column":76}},"17":{"start":{"line":125,"column":24},"end":{"line":127,"column":2}},"18":{"start":{"line":125,"column":34},"end":{"line":127,"column":1}},"19":{"start":{"line":129,"column":27},"end":{"line":131,"column":12}},"20":{"start":{"line":129,"column":39},"end":{"line":131,"column":12}},"21":{"start":{"line":133,"column":13},"end":{"line":137,"column":2}}},"fnMap":{"0":{"name":"(anonymous_0)","decl":{"start":{"line":18,"column":2},"end":{"line":18,"column":3}},"loc":{"start":{"line":18,"column":17},"end":{"line":24,"column":3}},"line":18},"1":{"name":"(anonymous_1)","decl":{"start":{"line":30,"column":13},"end":{"line":30,"column":14}},"loc":{"start":{"line":30,"column":19},"end":{"line":40,"column":3}},"line":30},"2":{"name":"(anonymous_2)","decl":{"start":{"line":32,"column":47},"end":{"line":32,"column":48}},"loc":{"start":{"line":32,"column":53},"end":{"line":38,"column":5}},"line":32},"3":{"name":"(anonymous_3)","decl":{"start":{"line":42,"column":15},"end":{"line":42,"column":16}},"loc":{"start":{"line":42,"column":21},"end":{"line":47,"column":3}},"line":42},"4":{"name":"(anonymous_4)","decl":{"start":{"line":49,"column":17},"end":{"line":49,"column":18}},"loc":{"start":{"line":49,"column":23},"end":{"line":51,"column":3}},"line":49},"5":{"name":"(anonymous_5)","decl":{"start":{"line":53,"column":2},"end":{"line":53,"column":3}},"loc":{"start":{"line":53,"column":11},"end":{"line":122,"column":3}},"line":53},"6":{"name":"(anonymous_6)","decl":{"start":{"line":92,"column":32},"end":{"line":92,"column":33}},"loc":{"start":{"line":92,"column":43},"end":{"line":92,"column":65}},"line":92},"7":{"name":"(anonymous_7)","decl":{"start":{"line":102,"column":32},"end":{"line":102,"column":33}},"loc":{"start":{"line":102,"column":46},"end":{"line":102,"column":71}},"line":102},"8":{"name":"(anonymous_8)","decl":{"start":{"line":108,"column":24},"end":{"line":108,"column":25}},"loc":{"start":{"line":108,"column":30},"end":{"line":108,"column":45}},"line":108},"9":{"name":"(anonymous_9)","decl":{"start":{"line":115,"column":28},"end":{"line":115,"column":29}},"loc":{"start":{"line":115,"column":34},"end":{"line":115,"column":76}},"line":115},"10":{"name":"(anonymous_10)","decl":{"start":{"line":125,"column":24},"end":{"line":125,"column":25}},"loc":{"start":{"line":125,"column":34},"end":{"line":127,"column":1}},"line":125},"11":{"name":"(anonymous_11)","decl":{"start":{"line":129,"column":27},"end":{"line":129,"column":28}},"loc":{"start":{"line":129,"column":39},"end":{"line":131,"column":12}},"line":129}},"branchMap":{"0":{"loc":{"start":{"line":33,"column":6},"end":{"line":37,"column":7}},"type":"if","locations":[{"start":{"line":33,"column":6},"end":{"line":37,"column":7}},{"start":{"line":33,"column":6},"end":{"line":37,"column":7}}],"line":33},"1":{"loc":{"start":{"line":79,"column":12},"end":{"line":117,"column":19}},"type":"cond-expr","locations":[{"start":{"line":80,"column":12},"end":{"line":82,"column":19}},{"start":{"line":84,"column":12},"end":{"line":117,"column":19}}],"line":79},"2":{"loc":{"start":{"line":79,"column":12},"end":{"line":79,"column":71}},"type":"binary-expr","locations":[{"start":{"line":79,"column":12},"end":{"line":79,"column":40}},{"start":{"line":79,"column":44},"end":{"line":79,"column":71}}],"line":79}},"s":{"0":14,"1":14,"2":2,"3":2,"4":0,"5":0,"6":0,"7":2,"8":3,"9":1,"10":23,"11":23,"12":23,"13":1,"14":1,"15":1,"16":1,"17":2,"18":1,"19":2,"20":1,"21":2},"f":{"0":14,"1":2,"2":0,"3":3,"4":1,"5":23,"6":1,"7":1,"8":1,"9":1,"10":1,"11":1},"b":{"0":[0,0],"1":[0,23],"2":[23,0]},"_coverageSchema":"332fd63041d2c1bcb487cc26dd0d5f7d97098a6c","hash":"abed25c2e35aa064d61b2a1878f41b4889cb4660"}
,"/Users/hacktiv8/Documents/final-project/carta/src/screen/Register.js": {"path":"/Users/hacktiv8/Documents/final-project/carta/src/screen/Register.js","statementMap":{"0":{"start":{"line":13,"column":4},"end":{"line":13,"column":11}},"1":{"start":{"line":14,"column":4},"end":{"line":18,"column":5}},"2":{"start":{"line":26,"column":40},"end":{"line":26,"column":50}},"3":{"start":{"line":27,"column":4},"end":{"line":30,"column":6}},"4":{"start":{"line":28,"column":6},"end":{"line":28,"column":36}},"5":{"start":{"line":29,"column":6},"end":{"line":29,"column":45}},"6":{"start":{"line":32,"column":4},"end":{"line":32,"column":21}},"7":{"start":{"line":36,"column":4},"end":{"line":40,"column":6}},"8":{"start":{"line":44,"column":23},"end":{"line":44,"column":31}},"9":{"start":{"line":46,"column":4},"end":{"line":114,"column":6}},"10":{"start":{"line":84,"column":46},"end":{"line":84,"column":71}},"11":{"start":{"line":92,"column":43},"end":{"line":92,"column":65}},"12":{"start":{"line":101,"column":46},"end":{"line":101,"column":71}},"13":{"start":{"line":107,"column":30},"end":{"line":107,"column":47}},"14":{"start":{"line":118,"column":15},"end":{"line":125,"column":2}},"15":{"start":{"line":127,"column":24},"end":{"line":129,"column":2}},"16":{"start":{"line":127,"column":34},"end":{"line":129,"column":1}},"17":{"start":{"line":131,"column":27},"end":{"line":133,"column":12}},"18":{"start":{"line":131,"column":39},"end":{"line":133,"column":12}}},"fnMap":{"0":{"name":"(anonymous_0)","decl":{"start":{"line":12,"column":2},"end":{"line":12,"column":3}},"loc":{"start":{"line":12,"column":17},"end":{"line":19,"column":3}},"line":12},"1":{"name":"(anonymous_1)","decl":{"start":{"line":25,"column":15},"end":{"line":25,"column":16}},"loc":{"start":{"line":25,"column":21},"end":{"line":33,"column":3}},"line":25},"2":{"name":"(anonymous_2)","decl":{"start":{"line":27,"column":60},"end":{"line":27,"column":61}},"loc":{"start":{"line":27,"column":66},"end":{"line":30,"column":5}},"line":27},"3":{"name":"(anonymous_3)","decl":{"start":{"line":35,"column":15},"end":{"line":35,"column":16}},"loc":{"start":{"line":35,"column":21},"end":{"line":41,"column":3}},"line":35},"4":{"name":"(anonymous_4)","decl":{"start":{"line":43,"column":2},"end":{"line":43,"column":3}},"loc":{"start":{"line":43,"column":11},"end":{"line":115,"column":3}},"line":43},"5":{"name":"(anonymous_5)","decl":{"start":{"line":84,"column":32},"end":{"line":84,"column":33}},"loc":{"start":{"line":84,"column":46},"end":{"line":84,"column":71}},"line":84},"6":{"name":"(anonymous_6)","decl":{"start":{"line":92,"column":32},"end":{"line":92,"column":33}},"loc":{"start":{"line":92,"column":43},"end":{"line":92,"column":65}},"line":92},"7":{"name":"(anonymous_7)","decl":{"start":{"line":101,"column":32},"end":{"line":101,"column":33}},"loc":{"start":{"line":101,"column":46},"end":{"line":101,"column":71}},"line":101},"8":{"name":"(anonymous_8)","decl":{"start":{"line":107,"column":24},"end":{"line":107,"column":25}},"loc":{"start":{"line":107,"column":30},"end":{"line":107,"column":47}},"line":107},"9":{"name":"(anonymous_9)","decl":{"start":{"line":127,"column":24},"end":{"line":127,"column":25}},"loc":{"start":{"line":127,"column":34},"end":{"line":129,"column":1}},"line":127},"10":{"name":"(anonymous_10)","decl":{"start":{"line":131,"column":27},"end":{"line":131,"column":28}},"loc":{"start":{"line":131,"column":39},"end":{"line":133,"column":12}},"line":131}},"branchMap":{"0":{"loc":{"start":{"line":71,"column":12},"end":{"line":110,"column":19}},"type":"cond-expr","locations":[{"start":{"line":72,"column":12},"end":{"line":74,"column":19}},{"start":{"line":76,"column":12},"end":{"line":110,"column":19}}],"line":71}},"s":{"0":1,"1":1,"2":0,"3":0,"4":0,"5":0,"6":0,"7":0,"8":1,"9":1,"10":0,"11":0,"12":0,"13":0,"14":2,"15":2,"16":0,"17":2,"18":0},"f":{"0":1,"1":0,"2":0,"3":0,"4":1,"5":0,"6":0,"7":0,"8":0,"9":0,"10":0},"b":{"0":[0,1]},"_coverageSchema":"332fd63041d2c1bcb487cc26dd0d5f7d97098a6c","hash":"3a1550e3053ed0a042c4bab76ccda877dbd463ee"}
,"/Users/hacktiv8/Documents/final-project/carta/src/screen/RoomList.js": {"path":"/Users/hacktiv8/Documents/final-project/carta/src/screen/RoomList.js","statementMap":{"0":{"start":{"line":11,"column":4},"end":{"line":11,"column":40}},"1":{"start":{"line":15,"column":23},"end":{"line":15,"column":31}},"2":{"start":{"line":17,"column":4},"end":{"line":39,"column":6}}},"fnMap":{"0":{"name":"(anonymous_0)","decl":{"start":{"line":10,"column":15},"end":{"line":10,"column":16}},"loc":{"start":{"line":10,"column":21},"end":{"line":12,"column":3}},"line":10},"1":{"name":"(anonymous_1)","decl":{"start":{"line":14,"column":2},"end":{"line":14,"column":3}},"loc":{"start":{"line":14,"column":11},"end":{"line":40,"column":3}},"line":14}},"branchMap":{},"s":{"0":1,"1":2,"2":2},"f":{"0":1,"1":2},"b":{},"_coverageSchema":"332fd63041d2c1bcb487cc26dd0d5f7d97098a6c","hash":"778ac1c55e9dd156e4e4858e73a8329899070e6f"}
,"/Users/hacktiv8/Documents/final-project/carta/src/screen/Winner.js": {"path":"/Users/hacktiv8/Documents/final-project/carta/src/screen/Winner.js","statementMap":{"0":{"start":{"line":6,"column":23},"end":{"line":6,"column":31}},"1":{"start":{"line":7,"column":4},"end":{"line":38,"column":6}},"2":{"start":{"line":33,"column":26},"end":{"line":33,"column":69}}},"fnMap":{"0":{"name":"(anonymous_0)","decl":{"start":{"line":5,"column":2},"end":{"line":5,"column":3}},"loc":{"start":{"line":5,"column":11},"end":{"line":39,"column":3}},"line":5},"1":{"name":"(anonymous_1)","decl":{"start":{"line":33,"column":20},"end":{"line":33,"column":21}},"loc":{"start":{"line":33,"column":26},"end":{"line":33,"column":69}},"line":33}},"branchMap":{},"s":{"0":4,"1":4,"2":1},"f":{"0":4,"1":1},"b":{},"_coverageSchema":"332fd63041d2c1bcb487cc26dd0d5f7d97098a6c","hash":"91788ab60314294d484fe8525316bd7397b15ebe"}
,"/Users/hacktiv8/Documents/final-project/carta/src/store/actionTypes.js": {"path":"/Users/hacktiv8/Documents/final-project/carta/src/store/actionTypes.js","statementMap":{"0":{"start":{"line":1,"column":32},"end":{"line":1,"column":51}},"1":{"start":{"line":2,"column":33},"end":{"line":2,"column":52}},"2":{"start":{"line":3,"column":35},"end":{"line":3,"column":56}},"3":{"start":{"line":4,"column":24},"end":{"line":4,"column":34}},"4":{"start":{"line":5,"column":29},"end":{"line":5,"column":44}},"5":{"start":{"line":6,"column":27},"end":{"line":6,"column":40}},"6":{"start":{"line":7,"column":29},"end":{"line":7,"column":44}},"7":{"start":{"line":8,"column":32},"end":{"line":8,"column":50}},"8":{"start":{"line":9,"column":28},"end":{"line":9,"column":42}},"9":{"start":{"line":10,"column":30},"end":{"line":10,"column":46}},"10":{"start":{"line":11,"column":30},"end":{"line":11,"column":46}}},"fnMap":{},"branchMap":{},"s":{"0":8,"1":8,"2":8,"3":8,"4":8,"5":8,"6":8,"7":8,"8":8,"9":8,"10":8},"f":{},"b":{},"_coverageSchema":"332fd63041d2c1bcb487cc26dd0d5f7d97098a6c","hash":"3948fb37444a13bfedcd86119b1409bcc4432385"}
,"/Users/hacktiv8/Documents/final-project/carta/src/store/index.js": {"path":"/Users/hacktiv8/Documents/final-project/carta/src/store/index.js","statementMap":{"0":{"start":{"line":9,"column":17},"end":{"line":13,"column":2}},"1":{"start":{"line":15,"column":14},"end":{"line":21,"column":1}}},"fnMap":{},"branchMap":{},"s":{"0":2,"1":2},"f":{},"b":{},"_coverageSchema":"332fd63041d2c1bcb487cc26dd0d5f7d97098a6c","hash":"4f1e5e9cb3424b2c782c1e94763f0fc8953cc305"}
,"/Users/hacktiv8/Documents/final-project/carta/src/store/ARScene/ar-action.js": {"path":"/Users/hacktiv8/Documents/final-project/carta/src/store/ARScene/ar-action.js","statementMap":{"0":{"start":{"line":3,"column":29},"end":{"line":7,"column":1}},"1":{"start":{"line":4,"column":2},"end":{"line":6,"column":3}},"2":{"start":{"line":5,"column":4},"end":{"line":5,"column":34}},"3":{"start":{"line":9,"column":29},"end":{"line":13,"column":1}},"4":{"start":{"line":10,"column":2},"end":{"line":12,"column":3}},"5":{"start":{"line":11,"column":4},"end":{"line":11,"column":34}},"6":{"start":{"line":16,"column":2},"end":{"line":19,"column":3}},"7":{"start":{"line":23,"column":2},"end":{"line":26,"column":3}}},"fnMap":{"0":{"name":"(anonymous_0)","decl":{"start":{"line":3,"column":29},"end":{"line":3,"column":30}},"loc":{"start":{"line":3,"column":42},"end":{"line":7,"column":1}},"line":3},"1":{"name":"(anonymous_1)","decl":{"start":{"line":4,"column":9},"end":{"line":4,"column":10}},"loc":{"start":{"line":4,"column":21},"end":{"line":6,"column":3}},"line":4},"2":{"name":"(anonymous_2)","decl":{"start":{"line":9,"column":29},"end":{"line":9,"column":30}},"loc":{"start":{"line":9,"column":42},"end":{"line":13,"column":1}},"line":9},"3":{"name":"(anonymous_3)","decl":{"start":{"line":10,"column":9},"end":{"line":10,"column":10}},"loc":{"start":{"line":10,"column":21},"end":{"line":12,"column":3}},"line":10},"4":{"name":"setDistance","decl":{"start":{"line":15,"column":16},"end":{"line":15,"column":27}},"loc":{"start":{"line":15,"column":37},"end":{"line":20,"column":1}},"line":15},"5":{"name":"setPosition","decl":{"start":{"line":22,"column":16},"end":{"line":22,"column":27}},"loc":{"start":{"line":22,"column":37},"end":{"line":27,"column":1}},"line":22}},"branchMap":{},"s":{"0":3,"1":1,"2":1,"3":3,"4":1,"5":1,"6":1,"7":1},"f":{"0":1,"1":1,"2":1,"3":1,"4":1,"5":1},"b":{},"_coverageSchema":"332fd63041d2c1bcb487cc26dd0d5f7d97098a6c","hash":"9a4473955c082c7a5ba68b016920399e7ef86679"}
,"/Users/hacktiv8/Documents/final-project/carta/src/store/ARScene/ar-reducers.js": {"path":"/Users/hacktiv8/Documents/final-project/carta/src/store/ARScene/ar-reducers.js","statementMap":{"0":{"start":{"line":3,"column":21},"end":{"line":9,"column":1}},"1":{"start":{"line":11,"column":27},"end":{"line":30,"column":1}},"2":{"start":{"line":12,"column":2},"end":{"line":12,"column":29}},"3":{"start":{"line":13,"column":2},"end":{"line":29,"column":3}},"4":{"start":{"line":15,"column":6},"end":{"line":18,"column":7}},"5":{"start":{"line":20,"column":6},"end":{"line":26,"column":7}},"6":{"start":{"line":28,"column":6},"end":{"line":28,"column":19}}},"fnMap":{"0":{"name":"(anonymous_0)","decl":{"start":{"line":11,"column":27},"end":{"line":11,"column":28}},"loc":{"start":{"line":11,"column":68},"end":{"line":30,"column":1}},"line":11}},"branchMap":{"0":{"loc":{"start":{"line":11,"column":28},"end":{"line":11,"column":55}},"type":"default-arg","locations":[{"start":{"line":11,"column":36},"end":{"line":11,"column":55}}],"line":11},"1":{"loc":{"start":{"line":13,"column":2},"end":{"line":29,"column":3}},"type":"switch","locations":[{"start":{"line":14,"column":4},"end":{"line":18,"column":7}},{"start":{"line":19,"column":4},"end":{"line":26,"column":7}},{"start":{"line":27,"column":4},"end":{"line":28,"column":19}}],"line":13}},"s":{"0":2,"1":2,"2":13,"3":13,"4":1,"5":1,"6":11},"f":{"0":13},"b":{"0":[6],"1":[1,1,11]},"_coverageSchema":"332fd63041d2c1bcb487cc26dd0d5f7d97098a6c","hash":"364536cfea2d72a3e3b3e0f91c99a2d143443e1a"}
,"/Users/hacktiv8/Documents/final-project/carta/src/store/auth/auth-actions.js": {"path":"/Users/hacktiv8/Documents/final-project/carta/src/store/auth/auth-actions.js","statementMap":{"0":{"start":{"line":5,"column":30},"end":{"line":20,"column":1}},"1":{"start":{"line":6,"column":2},"end":{"line":19,"column":3}},"2":{"start":{"line":7,"column":4},"end":{"line":7,"column":23}},"3":{"start":{"line":8,"column":4},"end":{"line":18,"column":5}},"4":{"start":{"line":9,"column":19},"end":{"line":9,"column":94}},"5":{"start":{"line":10,"column":22},"end":{"line":10,"column":80}},"6":{"start":{"line":11,"column":6},"end":{"line":11,"column":52}},"7":{"start":{"line":12,"column":6},"end":{"line":12,"column":36}},"8":{"start":{"line":13,"column":6},"end":{"line":13,"column":43}},"9":{"start":{"line":14,"column":6},"end":{"line":14,"column":10}},"10":{"start":{"line":16,"column":6},"end":{"line":16,"column":29}},"11":{"start":{"line":17,"column":6},"end":{"line":17,"column":10}},"12":{"start":{"line":22,"column":33},"end":{"line":40,"column":1}},"13":{"start":{"line":23,"column":2},"end":{"line":39,"column":3}},"14":{"start":{"line":24,"column":4},"end":{"line":24,"column":23}},"15":{"start":{"line":25,"column":4},"end":{"line":38,"column":5}},"16":{"start":{"line":26,"column":18},"end":{"line":26,"column":103}},"17":{"start":{"line":27,"column":19},"end":{"line":27,"column":35}},"18":{"start":{"line":28,"column":6},"end":{"line":30,"column":8}},"19":{"start":{"line":31,"column":6},"end":{"line":33,"column":8}},"20":{"start":{"line":34,"column":6},"end":{"line":34,"column":17}},"21":{"start":{"line":35,"column":6},"end":{"line":35,"column":10}},"22":{"start":{"line":37,"column":6},"end":{"line":37,"column":29}},"23":{"start":{"line":42,"column":23},"end":{"line":52,"column":1}},"24":{"start":{"line":43,"column":2},"end":{"line":51,"column":3}},"25":{"start":{"line":44,"column":4},"end":{"line":50,"column":5}},"26":{"start":{"line":45,"column":21},"end":{"line":45,"column":41}},"27":{"start":{"line":46,"column":21},"end":{"line":46,"column":61}},"28":{"start":{"line":47,"column":6},"end":{"line":47,"column":29}},"29":{"start":{"line":49,"column":6},"end":{"line":49,"column":30}},"30":{"start":{"line":55,"column":2},"end":{"line":58,"column":3}},"31":{"start":{"line":62,"column":2},"end":{"line":64,"column":3}},"32":{"start":{"line":68,"column":2},"end":{"line":71,"column":3}}},"fnMap":{"0":{"name":"(anonymous_0)","decl":{"start":{"line":5,"column":30},"end":{"line":5,"column":31}},"loc":{"start":{"line":5,"column":55},"end":{"line":20,"column":1}},"line":5},"1":{"name":"(anonymous_1)","decl":{"start":{"line":6,"column":9},"end":{"line":6,"column":10}},"loc":{"start":{"line":6,"column":27},"end":{"line":19,"column":3}},"line":6},"2":{"name":"(anonymous_2)","decl":{"start":{"line":22,"column":33},"end":{"line":22,"column":34}},"loc":{"start":{"line":22,"column":68},"end":{"line":40,"column":1}},"line":22},"3":{"name":"(anonymous_3)","decl":{"start":{"line":23,"column":9},"end":{"line":23,"column":10}},"loc":{"start":{"line":23,"column":27},"end":{"line":39,"column":3}},"line":23},"4":{"name":"(anonymous_4)","decl":{"start":{"line":42,"column":23},"end":{"line":42,"column":24}},"loc":{"start":{"line":42,"column":29},"end":{"line":52,"column":1}},"line":42},"5":{"name":"(anonymous_5)","decl":{"start":{"line":43,"column":9},"end":{"line":43,"column":10}},"loc":{"start":{"line":43,"column":27},"end":{"line":51,"column":3}},"line":43},"6":{"name":"loginSucces","decl":{"start":{"line":54,"column":9},"end":{"line":54,"column":20}},"loc":{"start":{"line":54,"column":31},"end":{"line":59,"column":1}},"line":54},"7":{"name":"loading","decl":{"start":{"line":61,"column":9},"end":{"line":61,"column":16}},"loc":{"start":{"line":61,"column":19},"end":{"line":65,"column":1}},"line":61},"8":{"name":"checkErr","decl":{"start":{"line":67,"column":16},"end":{"line":67,"column":24}},"loc":{"start":{"line":67,"column":34},"end":{"line":72,"column":1}},"line":67}},"branchMap":{},"s":{"0":4,"1":1,"2":1,"3":1,"4":1,"5":1,"6":1,"7":1,"8":1,"9":0,"10":0,"11":0,"12":4,"13":1,"14":1,"15":1,"16":1,"17":0,"18":0,"19":0,"20":0,"21":0,"22":1,"23":4,"24":1,"25":1,"26":1,"27":1,"28":1,"29":0,"30":1,"31":2,"32":2},"f":{"0":1,"1":1,"2":1,"3":1,"4":1,"5":1,"6":1,"7":2,"8":2},"b":{},"_coverageSchema":"332fd63041d2c1bcb487cc26dd0d5f7d97098a6c","hash":"62aaec9329600219b25ceba5f522afb76c5abea5"}
,"/Users/hacktiv8/Documents/final-project/carta/src/store/auth/auth-reducers.js": {"path":"/Users/hacktiv8/Documents/final-project/carta/src/store/auth/auth-reducers.js","statementMap":{"0":{"start":{"line":3,"column":21},"end":{"line":12,"column":1}},"1":{"start":{"line":14,"column":25},"end":{"line":47,"column":1}},"2":{"start":{"line":15,"column":2},"end":{"line":46,"column":3}},"3":{"start":{"line":17,"column":6},"end":{"line":21,"column":7}},"4":{"start":{"line":23,"column":6},"end":{"line":29,"column":7}},"5":{"start":{"line":31,"column":6},"end":{"line":35,"column":7}},"6":{"start":{"line":37,"column":6},"end":{"line":43,"column":7}},"7":{"start":{"line":45,"column":6},"end":{"line":45,"column":19}}},"fnMap":{"0":{"name":"(anonymous_0)","decl":{"start":{"line":14,"column":25},"end":{"line":14,"column":26}},"loc":{"start":{"line":14,"column":65},"end":{"line":47,"column":1}},"line":14}},"branchMap":{"0":{"loc":{"start":{"line":14,"column":26},"end":{"line":14,"column":52}},"type":"default-arg","locations":[{"start":{"line":14,"column":33},"end":{"line":14,"column":52}}],"line":14},"1":{"loc":{"start":{"line":15,"column":2},"end":{"line":46,"column":3}},"type":"switch","locations":[{"start":{"line":16,"column":4},"end":{"line":21,"column":7}},{"start":{"line":22,"column":4},"end":{"line":29,"column":7}},{"start":{"line":30,"column":4},"end":{"line":35,"column":7}},{"start":{"line":36,"column":4},"end":{"line":43,"column":7}},{"start":{"line":44,"column":4},"end":{"line":45,"column":19}}],"line":15}},"s":{"0":2,"1":2,"2":13,"3":1,"4":1,"5":1,"6":1,"7":9},"f":{"0":13},"b":{"0":[6],"1":[1,1,1,1,9]},"_coverageSchema":"332fd63041d2c1bcb487cc26dd0d5f7d97098a6c","hash":"cab361f1dfa8ba93337b43b9016001bba4ebc712"}
,"/Users/hacktiv8/Documents/final-project/carta/src/store/quest/quest-actions.js": {"path":"/Users/hacktiv8/Documents/final-project/carta/src/store/quest/quest-actions.js","statementMap":{"0":{"start":{"line":4,"column":27},"end":{"line":33,"column":1}},"1":{"start":{"line":5,"column":2},"end":{"line":32,"column":3}},"2":{"start":{"line":6,"column":4},"end":{"line":6,"column":23}},"3":{"start":{"line":7,"column":4},"end":{"line":15,"column":6}},"4":{"start":{"line":8,"column":6},"end":{"line":11,"column":8}},"5":{"start":{"line":12,"column":6},"end":{"line":12,"column":19}},"6":{"start":{"line":14,"column":6},"end":{"line":14,"column":22}},"7":{"start":{"line":37,"column":2},"end":{"line":50,"column":4}},"8":{"start":{"line":38,"column":4},"end":{"line":49,"column":6}},"9":{"start":{"line":39,"column":6},"end":{"line":39,"column":55}},"10":{"start":{"line":39,"column":27},"end":{"line":39,"column":55}},"11":{"start":{"line":40,"column":19},"end":{"line":40,"column":21}},"12":{"start":{"line":41,"column":6},"end":{"line":47,"column":7}},"13":{"start":{"line":42,"column":8},"end":{"line":46,"column":9}},"14":{"start":{"line":43,"column":26},"end":{"line":43,"column":50}},"15":{"start":{"line":44,"column":24},"end":{"line":44,"column":45}},"16":{"start":{"line":45,"column":10},"end":{"line":45,"column":28}},"17":{"start":{"line":48,"column":6},"end":{"line":48,"column":21}},"18":{"start":{"line":54,"column":2},"end":{"line":56,"column":3}},"19":{"start":{"line":60,"column":2},"end":{"line":63,"column":3}}},"fnMap":{"0":{"name":"(anonymous_0)","decl":{"start":{"line":4,"column":27},"end":{"line":4,"column":28}},"loc":{"start":{"line":4,"column":33},"end":{"line":33,"column":1}},"line":4},"1":{"name":"(anonymous_1)","decl":{"start":{"line":5,"column":9},"end":{"line":5,"column":10}},"loc":{"start":{"line":5,"column":21},"end":{"line":32,"column":3}},"line":5},"2":{"name":"(anonymous_2)","decl":{"start":{"line":7,"column":28},"end":{"line":7,"column":29}},"loc":{"start":{"line":7,"column":40},"end":{"line":13,"column":5}},"line":7},"3":{"name":"(anonymous_3)","decl":{"start":{"line":13,"column":13},"end":{"line":13,"column":14}},"loc":{"start":{"line":13,"column":20},"end":{"line":15,"column":5}},"line":13},"4":{"name":"getQuests","decl":{"start":{"line":36,"column":9},"end":{"line":36,"column":18}},"loc":{"start":{"line":36,"column":21},"end":{"line":51,"column":1}},"line":36},"5":{"name":"(anonymous_5)","decl":{"start":{"line":37,"column":21},"end":{"line":37,"column":22}},"loc":{"start":{"line":37,"column":48},"end":{"line":50,"column":3}},"line":37},"6":{"name":"(anonymous_6)","decl":{"start":{"line":38,"column":31},"end":{"line":38,"column":32}},"loc":{"start":{"line":38,"column":45},"end":{"line":49,"column":5}},"line":38},"7":{"name":"loading","decl":{"start":{"line":53,"column":9},"end":{"line":53,"column":16}},"loc":{"start":{"line":53,"column":19},"end":{"line":57,"column":1}},"line":53},"8":{"name":"checkErr","decl":{"start":{"line":59,"column":16},"end":{"line":59,"column":24}},"loc":{"start":{"line":59,"column":34},"end":{"line":64,"column":1}},"line":59}},"branchMap":{"0":{"loc":{"start":{"line":39,"column":6},"end":{"line":39,"column":55}},"type":"if","locations":[{"start":{"line":39,"column":6},"end":{"line":39,"column":55}},{"start":{"line":39,"column":6},"end":{"line":39,"column":55}}],"line":39},"1":{"loc":{"start":{"line":42,"column":8},"end":{"line":46,"column":9}},"type":"if","locations":[{"start":{"line":42,"column":8},"end":{"line":46,"column":9}},{"start":{"line":42,"column":8},"end":{"line":46,"column":9}}],"line":42}},"s":{"0":3,"1":1,"2":1,"3":1,"4":1,"5":1,"6":0,"7":1,"8":1,"9":1,"10":0,"11":1,"12":1,"13":6,"14":6,"15":6,"16":6,"17":1,"18":1,"19":1},"f":{"0":1,"1":1,"2":1,"3":0,"4":1,"5":1,"6":1,"7":1,"8":1},"b":{"0":[0,1],"1":[6,0]},"_coverageSchema":"332fd63041d2c1bcb487cc26dd0d5f7d97098a6c","hash":"9de7822af7e0138821f23849b4832490a13a1f93"}
,"/Users/hacktiv8/Documents/final-project/carta/src/store/quest/quest-reducers.js": {"path":"/Users/hacktiv8/Documents/final-project/carta/src/store/quest/quest-reducers.js","statementMap":{"0":{"start":{"line":3,"column":21},"end":{"line":6,"column":1}},"1":{"start":{"line":8,"column":27},"end":{"line":30,"column":1}},"2":{"start":{"line":9,"column":2},"end":{"line":29,"column":3}},"3":{"start":{"line":11,"column":6},"end":{"line":14,"column":7}},"4":{"start":{"line":16,"column":6},"end":{"line":21,"column":7}},"5":{"start":{"line":23,"column":6},"end":{"line":26,"column":7}},"6":{"start":{"line":28,"column":6},"end":{"line":28,"column":19}}},"fnMap":{"0":{"name":"(anonymous_0)","decl":{"start":{"line":8,"column":27},"end":{"line":8,"column":28}},"loc":{"start":{"line":8,"column":80},"end":{"line":30,"column":1}},"line":8}},"branchMap":{"0":{"loc":{"start":{"line":8,"column":28},"end":{"line":8,"column":67}},"type":"default-arg","locations":[{"start":{"line":8,"column":36},"end":{"line":8,"column":67}}],"line":8},"1":{"loc":{"start":{"line":9,"column":2},"end":{"line":29,"column":3}},"type":"switch","locations":[{"start":{"line":10,"column":4},"end":{"line":14,"column":7}},{"start":{"line":15,"column":4},"end":{"line":21,"column":7}},{"start":{"line":22,"column":4},"end":{"line":26,"column":7}},{"start":{"line":27,"column":4},"end":{"line":28,"column":19}}],"line":9}},"s":{"0":2,"1":2,"2":13,"3":1,"4":1,"5":1,"6":10},"f":{"0":13},"b":{"0":[6],"1":[1,1,1,10]},"_coverageSchema":"332fd63041d2c1bcb487cc26dd0d5f7d97098a6c","hash":"9d8474950f270a6de9b021acb30a0ad10787351d"}
}
