TN:
SF:/Users/hacktiv8/Documents/final-project/carta/App.js
FN:19,(anonymous_0)
FN:20,(anonymous_1)
FN:25,(anonymous_2)
FNF:3
FNH:2
FNDA:1,(anonymous_0)
FNDA:0,(anonymous_1)
FNDA:1,(anonymous_2)
DA:1,1
DA:20,1
DA:21,0
DA:26,1
DA:36,1
DA:49,1
DA:63,1
DA:80,1
LF:8
LH:7
BRF:0
BRH:0
end_of_record
TN:
SF:/Users/hacktiv8/Documents/final-project/carta/js/HelloWorldSceneAR.js
FNF:0
FNH:0
LF:0
LH:0
BRF:0
BRH:0
end_of_record
TN:
SF:/Users/hacktiv8/Documents/final-project/carta/src/asset/Logov2.png
FNF:0
FNH:0
DA:1,2
LF:1
LH:1
BRF:0
BRH:0
end_of_record
TN:
SF:/Users/hacktiv8/Documents/final-project/carta/src/asset/bg_2.png
FNF:0
FNH:0
DA:1,3
LF:1
LH:1
BRF:0
BRH:0
end_of_record
TN:
SF:/Users/hacktiv8/Documents/final-project/carta/src/components/Modal.js
FN:10,(anonymous_0)
FN:14,(anonymous_1)
FN:21,(anonymous_2)
FN:28,(anonymous_3)
FN:38,(anonymous_4)
FNF:5
FNH:0
FNDA:0,(anonymous_0)
FNDA:0,(anonymous_1)
FNDA:0,(anonymous_2)
FNDA:0,(anonymous_3)
FNDA:0,(anonymous_4)
DA:11,0
DA:15,0
DA:22,0
DA:29,0
DA:39,0
LF:5
LH:0
BRF:0
BRH:0
end_of_record
TN:
SF:/Users/hacktiv8/Documents/final-project/carta/src/components/NewGame.js
FN:14,(anonymous_0)
FN:21,(anonymous_1)
FN:34,(anonymous_2)
FN:43,(anonymous_3)
FNF:4
FNH:0
FNDA:0,(anonymous_0)
FNDA:0,(anonymous_1)
FNDA:0,(anonymous_2)
FNDA:0,(anonymous_3)
DA:15,0
DA:16,0
DA:17,0
DA:22,0
DA:24,0
DA:34,0
DA:43,0
LF:7
LH:0
BRDA:16,0,0,0
BRDA:16,0,1,0
BRF:2
BRH:0
end_of_record
TN:
SF:/Users/hacktiv8/Documents/final-project/carta/src/components/RoomDetail.js
FN:27,(anonymous_0)
FN:31,(anonymous_1)
FN:42,(anonymous_2)
FN:47,(anonymous_3)
FN:57,(anonymous_4)
FN:63,(anonymous_5)
FN:90,(anonymous_6)
FN:94,(anonymous_7)
FNF:8
FNH:0
FNDA:0,(anonymous_0)
FNDA:0,(anonymous_1)
FNDA:0,(anonymous_2)
FNDA:0,(anonymous_3)
FNDA:0,(anonymous_4)
FNDA:0,(anonymous_5)
FNDA:0,(anonymous_6)
FNDA:0,(anonymous_7)
DA:28,0
DA:32,0
DA:38,0
DA:43,0
DA:48,0
DA:57,0
DA:63,0
DA:90,1
DA:94,1
LF:9
LH:2
BRF:0
BRH:0
end_of_record
TN:
SF:/Users/hacktiv8/Documents/final-project/carta/src/firebase/index.js
FNF:0
FNH:0
DA:2,5
DA:9,5
DA:10,5
DA:11,5
LF:4
LH:4
BRF:0
BRH:0
end_of_record
TN:
SF:/Users/hacktiv8/Documents/final-project/carta/src/screen/ARScene2.js
FN:41,(anonymous_0)
FN:50,(anonymous_1)
FN:58,(anonymous_2)
FN:66,(anonymous_3)
FN:73,(anonymous_4)
FN:90,(anonymous_5)
FN:139,(anonymous_6)
FN:217,(anonymous_7)
FNF:8
FNH:0
FNDA:0,(anonymous_0)
FNDA:0,(anonymous_1)
FNDA:0,(anonymous_2)
FNDA:0,(anonymous_3)
FNDA:0,(anonymous_4)
FNDA:0,(anonymous_5)
FNDA:0,(anonymous_6)
FNDA:0,(anonymous_7)
DA:27,1
DA:32,1
DA:42,0
DA:44,0
DA:47,0
DA:51,0
DA:59,0
DA:68,0
DA:74,0
DA:90,0
DA:139,0
DA:162,1
DA:217,1
LF:13
LH:4
BRDA:114,0,0,0
BRDA:114,0,1,0
BRDA:134,1,0,0
BRDA:134,1,1,0
BRF:4
BRH:0
end_of_record
TN:
SF:/Users/hacktiv8/Documents/final-project/carta/src/screen/CreateRoom.js
FN:27,(anonymous_0)
FN:46,(anonymous_1)
FN:58,(anonymous_2)
FN:87,(anonymous_3)
FN:89,(anonymous_4)
FN:108,(anonymous_5)
FN:120,(anonymous_6)
FN:132,(anonymous_7)
FN:137,(anonymous_8)
FN:142,(anonymous_9)
FN:144,(anonymous_10)
FN:156,(anonymous_11)
FN:167,(anonymous_12)
FN:202,(anonymous_13)
FN:211,(anonymous_14)
FN:220,(anonymous_15)
FN:233,(anonymous_16)
FN:247,(anonymous_17)
FN:255,(anonymous_18)
FN:263,(anonymous_19)
FN:271,(anonymous_20)
FNF:21
FNH:0
FNDA:0,(anonymous_0)
FNDA:0,(anonymous_1)
FNDA:0,(anonymous_2)
FNDA:0,(anonymous_3)
FNDA:0,(anonymous_4)
FNDA:0,(anonymous_5)
FNDA:0,(anonymous_6)
FNDA:0,(anonymous_7)
FNDA:0,(anonymous_8)
FNDA:0,(anonymous_9)
FNDA:0,(anonymous_10)
FNDA:0,(anonymous_11)
FNDA:0,(anonymous_12)
FNDA:0,(anonymous_13)
FNDA:0,(anonymous_14)
FNDA:0,(anonymous_15)
FNDA:0,(anonymous_16)
FNDA:0,(anonymous_17)
FNDA:0,(anonymous_18)
FNDA:0,(anonymous_19)
FNDA:0,(anonymous_20)
DA:28,0
DA:29,0
DA:47,0
DA:58,0
DA:59,0
DA:61,0
DA:62,0
DA:64,0
DA:65,0
DA:67,0
DA:68,0
DA:71,0
DA:80,0
DA:88,0
DA:89,0
DA:90,0
DA:91,0
DA:92,0
DA:95,0
DA:96,0
DA:97,0
DA:101,0
DA:102,0
DA:104,0
DA:109,0
DA:110,0
DA:111,0
DA:112,0
DA:113,0
DA:114,0
DA:115,0
DA:117,0
DA:121,0
DA:124,0
DA:125,0
DA:126,0
DA:127,0
DA:128,0
DA:129,0
DA:133,0
DA:134,0
DA:135,0
DA:136,0
DA:138,0
DA:143,0
DA:145,0
DA:146,0
DA:157,0
DA:168,0
DA:170,0
DA:202,0
DA:211,0
DA:220,0
DA:233,0
DA:247,0
DA:255,0
DA:263,0
DA:271,0
LF:58
LH:0
BRDA:61,0,0,0
BRDA:61,0,1,0
BRDA:64,1,0,0
BRDA:64,1,1,0
BRDA:67,2,0,0
BRDA:67,2,1,0
BRDA:90,3,0,0
BRDA:90,3,1,0
BRDA:90,4,0,0
BRDA:90,4,1,0
BRDA:91,5,0,0
BRDA:91,5,1,0
BRDA:95,6,0,0
BRDA:95,6,1,0
BRDA:95,7,0,0
BRDA:95,7,1,0
BRDA:96,8,0,0
BRDA:96,8,1,0
BRDA:101,9,0,0
BRDA:101,9,1,0
BRDA:191,10,0,0
BRDA:191,10,1,0
BRDA:226,11,0,0
BRDA:226,11,1,0
BRDA:240,12,0,0
BRDA:240,12,1,0
BRDA:266,13,0,0
BRDA:266,13,1,0
BRDA:266,13,2,0
BRDA:266,13,3,0
BRF:30
BRH:0
end_of_record
TN:
SF:/Users/hacktiv8/Documents/final-project/carta/src/screen/Home.js
FN:10,(anonymous_0)
FN:14,(anonymous_1)
FN:18,(anonymous_2)
FNF:3
FNH:0
FNDA:0,(anonymous_0)
FNDA:0,(anonymous_1)
FNDA:0,(anonymous_2)
DA:11,0
DA:15,0
DA:19,0
DA:20,0
LF:4
LH:0
BRF:0
BRH:0
end_of_record
TN:
SF:/Users/hacktiv8/Documents/final-project/carta/src/screen/Login.js
FN:18,(anonymous_0)
FN:30,(anonymous_1)
FN:32,(anonymous_2)
FN:42,(anonymous_3)
FN:49,(anonymous_4)
FN:53,(anonymous_5)
FN:92,(anonymous_6)
FN:102,(anonymous_7)
FN:108,(anonymous_8)
FN:115,(anonymous_9)
FN:125,(anonymous_10)
FN:129,(anonymous_11)
FNF:12
FNH:11
FNDA:14,(anonymous_0)
FNDA:2,(anonymous_1)
FNDA:0,(anonymous_2)
FNDA:3,(anonymous_3)
FNDA:1,(anonymous_4)
FNDA:23,(anonymous_5)
FNDA:1,(anonymous_6)
FNDA:1,(anonymous_7)
FNDA:1,(anonymous_8)
FNDA:1,(anonymous_9)
FNDA:1,(anonymous_10)
FNDA:1,(anonymous_11)
DA:19,14
DA:20,14
DA:31,2
DA:32,2
DA:33,0
DA:34,0
DA:36,0
DA:39,2
DA:43,3
DA:50,1
DA:54,23
DA:55,23
DA:57,23
DA:92,1
DA:102,1
DA:108,1
DA:115,1
DA:125,2
DA:129,2
DA:133,2
LF:20
LH:17
BRDA:33,0,0,0
BRDA:33,0,1,0
BRDA:79,1,0,0
BRDA:79,1,1,23
BRDA:79,2,0,23
BRDA:79,2,1,0
BRF:6
BRH:2
end_of_record
TN:
SF:/Users/hacktiv8/Documents/final-project/carta/src/screen/Register.js
FN:12,(anonymous_0)
FN:25,(anonymous_1)
FN:27,(anonymous_2)
FN:35,(anonymous_3)
FN:43,(anonymous_4)
FN:84,(anonymous_5)
FN:92,(anonymous_6)
FN:101,(anonymous_7)
FN:107,(anonymous_8)
FN:127,(anonymous_9)
FN:131,(anonymous_10)
FNF:11
FNH:2
FNDA:1,(anonymous_0)
FNDA:0,(anonymous_1)
FNDA:0,(anonymous_2)
FNDA:0,(anonymous_3)
FNDA:1,(anonymous_4)
FNDA:0,(anonymous_5)
FNDA:0,(anonymous_6)
FNDA:0,(anonymous_7)
FNDA:0,(anonymous_8)
FNDA:0,(anonymous_9)
FNDA:0,(anonymous_10)
DA:13,1
DA:14,1
DA:26,0
DA:27,0
DA:28,0
DA:29,0
DA:32,0
DA:36,0
DA:44,1
DA:46,1
DA:84,0
DA:92,0
DA:101,0
DA:107,0
DA:118,2
DA:127,2
DA:131,2
LF:17
LH:7
BRDA:71,0,0,0
BRDA:71,0,1,1
BRF:2
BRH:1
end_of_record
TN:
SF:/Users/hacktiv8/Documents/final-project/carta/src/screen/RoomList.js
FN:10,(anonymous_0)
FN:15,(anonymous_1)
FNF:2
FNH:0
FNDA:0,(anonymous_0)
FNDA:0,(anonymous_1)
DA:11,0
DA:12,0
DA:16,0
DA:18,0
LF:4
LH:0
BRF:0
BRH:0
end_of_record
TN:
SF:/Users/hacktiv8/Documents/final-project/carta/src/screen/Winner.js
FN:5,(anonymous_0)
FN:33,(anonymous_1)
FNF:2
FNH:0
FNDA:0,(anonymous_0)
FNDA:0,(anonymous_1)
DA:6,0
DA:7,0
DA:33,0
LF:3
LH:0
BRF:0
BRH:0
end_of_record
TN:
SF:/Users/hacktiv8/Documents/final-project/carta/src/store/actionTypes.js
FNF:0
FNH:0
DA:1,7
DA:2,7
DA:3,7
DA:4,7
DA:5,7
DA:6,7
DA:7,7
DA:8,7
DA:9,7
DA:10,7
DA:11,7
LF:11
LH:11
BRF:0
BRH:0
end_of_record
TN:
SF:/Users/hacktiv8/Documents/final-project/carta/src/store/index.js
FNF:0
FNH:0
DA:9,2
DA:15,2
LF:2
LH:2
BRF:0
BRH:0
end_of_record
TN:
SF:/Users/hacktiv8/Documents/final-project/carta/src/store/ARScene/ar-action.js
FN:3,(anonymous_0)
FN:4,(anonymous_1)
FN:9,(anonymous_2)
FN:10,(anonymous_3)
FN:15,setDistance
FN:22,setPosition
FNF:6
FNH:6
FNDA:1,(anonymous_0)
FNDA:1,(anonymous_1)
FNDA:1,(anonymous_2)
FNDA:1,(anonymous_3)
FNDA:1,setDistance
FNDA:1,setPosition
DA:3,2
DA:4,1
DA:5,1
DA:9,2
DA:10,1
DA:11,1
DA:16,1
DA:23,1
LF:8
LH:8
BRF:0
BRH:0
end_of_record
TN:
SF:/Users/hacktiv8/Documents/final-project/carta/src/store/ARScene/ar-reducers.js
FN:11,(anonymous_0)
FNF:1
FNH:1
FNDA:13,(anonymous_0)
DA:3,2
DA:11,2
DA:12,13
DA:13,13
DA:15,1
DA:20,1
DA:28,11
LF:7
LH:7
BRDA:11,0,0,6
BRDA:13,1,0,1
BRDA:13,1,1,1
BRDA:13,1,2,11
BRF:4
BRH:4
end_of_record
TN:
SF:/Users/hacktiv8/Documents/final-project/carta/src/store/auth/auth-actions.js
FN:5,(anonymous_0)
FN:6,(anonymous_1)
FN:22,(anonymous_2)
FN:23,(anonymous_3)
FN:42,(anonymous_4)
FN:43,(anonymous_5)
FN:54,loginSucces
FN:61,loading
FN:67,checkErr
FNF:9
FNH:9
FNDA:1,(anonymous_0)
FNDA:1,(anonymous_1)
FNDA:1,(anonymous_2)
FNDA:1,(anonymous_3)
FNDA:1,(anonymous_4)
FNDA:1,(anonymous_5)
FNDA:1,loginSucces
FNDA:2,loading
FNDA:2,checkErr
DA:5,4
DA:6,1
DA:7,1
DA:8,1
DA:9,1
DA:10,1
DA:11,1
DA:12,1
DA:13,1
DA:14,0
DA:16,0
DA:17,0
DA:22,4
DA:23,1
DA:24,1
DA:25,1
DA:26,1
DA:27,0
DA:28,0
DA:31,0
DA:34,0
DA:35,0
DA:37,1
DA:42,4
DA:43,1
DA:44,1
DA:45,1
DA:46,1
DA:47,1
DA:49,0
DA:55,1
DA:62,2
DA:68,2
LF:33
LH:24
BRF:0
BRH:0
end_of_record
TN:
SF:/Users/hacktiv8/Documents/final-project/carta/src/store/auth/auth-reducers.js
FN:14,(anonymous_0)
FNF:1
FNH:1
FNDA:13,(anonymous_0)
DA:3,2
DA:14,2
DA:15,13
DA:17,1
DA:23,1
DA:31,1
DA:37,1
DA:45,9
LF:8
LH:8
BRDA:14,0,0,6
BRDA:15,1,0,1
BRDA:15,1,1,1
BRDA:15,1,2,1
BRDA:15,1,3,1
BRDA:15,1,4,9
BRF:6
BRH:6
end_of_record
TN:
SF:/Users/hacktiv8/Documents/final-project/carta/src/store/quest/quest-actions.js
FN:4,(anonymous_0)
FN:5,(anonymous_1)
FN:7,(anonymous_2)
FN:13,(anonymous_3)
FN:36,getQuests
FN:37,(anonymous_5)
FN:38,(anonymous_6)
FN:53,loading
FN:59,checkErr
FNF:9
FNH:8
FNDA:1,(anonymous_0)
FNDA:1,(anonymous_1)
FNDA:1,(anonymous_2)
FNDA:0,(anonymous_3)
FNDA:1,getQuests
FNDA:1,(anonymous_5)
FNDA:1,(anonymous_6)
FNDA:1,loading
FNDA:1,checkErr
DA:4,2
DA:5,1
DA:6,1
DA:7,1
DA:8,1
DA:12,1
DA:14,0
DA:37,1
DA:38,1
DA:39,1
DA:40,1
DA:41,1
DA:42,6
DA:43,6
DA:44,6
DA:45,6
DA:48,1
DA:54,1
DA:60,1
LF:19
LH:18
BRDA:39,0,0,0
BRDA:39,0,1,1
BRDA:42,1,0,6
BRDA:42,1,1,0
BRF:4
BRH:2
end_of_record
TN:
SF:/Users/hacktiv8/Documents/final-project/carta/src/store/quest/quest-reducers.js
FN:8,(anonymous_0)
FNF:1
FNH:1
FNDA:13,(anonymous_0)
DA:3,2
DA:8,2
DA:9,13
DA:11,1
DA:16,1
DA:23,1
DA:28,10
LF:7
LH:7
BRDA:8,0,0,6
BRDA:9,1,0,1
BRDA:9,1,1,1
BRDA:9,1,2,1
BRDA:9,1,3,10
BRF:5
BRH:5
end_of_record
